#
# A fatal error has been detected by the Java Runtime Environment:
#
#  SIGSEGV (0xb) at pc=0x00000001240da57c, pid=12307, tid=0x000000000001f203
#
# JRE version: Java(TM) SE Runtime Environment (8.0_144-b01) (build 1.8.0_144-b01)
# Java VM: Java HotSpot(TM) 64-Bit Server VM (25.144-b01 mixed mode bsd-amd64 compressed oops)
# Problematic frame:
# C  [libscsynth.dylib+0x557c]  _ZN12SC_UdpInPortC2EP5Worldi+0x1be
#
# Failed to write core dump. Core dumps have been disabled. To enable core dumping, try "ulimit -c unlimited" before starting Java again
#
# If you would like to submit a bug report, please visit:
#   http://bugreport.java.com/bugreport/crash.jsp
# The crash happened outside the Java Virtual Machine in native code.
# See problematic frame for where to report the bug.
#

---------------  T H R E A D  ---------------

Current thread (0x00007fc4c8a60800):  JavaThread "Thread-10" daemon [_thread_in_native, id=127491, stack(0x0000700005ab7000,0x0000700005bb7000)]

siginfo: si_signo: 11 (SIGSEGV), si_code: 1 (SEGV_MAPERR), si_addr: 0x0000000000000160

Registers:
RAX=0x0000000000000000, RBX=0x0000000000000000, RCX=0x0000000000000000, RDX=0x0000000000000000
RSP=0x0000700005bb5990, RBP=0x0000700005bb5a10, RSI=0x0000000000000003, RDI=0x0000700005e43000
R8 =0x000000000001f303, R9 =0x0000000000000000, R10=0x000000000000002c, R11=0x0000000000000206
R12=0x0000000000000004, R13=0x0000000000000002, R14=0x00007fc4c7527000, R15=0x0000700005e43000
RIP=0x00000001240da57c, EFLAGS=0x0000000000010202, ERR=0x0000000000000004
  TRAPNO=0x000000000000000e

Top of Stack: (sp=0x0000700005bb5990)
0x0000700005bb5990:   0000000000000000 00010000ca8cff70
0x0000700005bb59a0:   0000700005bb59c0 00007fffa247e200
0x0000700005bb59b0:   0000000000000000 0000000000010048
0x0000700005bb59c0:   0000000a0000003f 00000002a0f0be0e
0x0000700005bb59d0:   00007fc4c7527000 0000000000000000
0x0000700005bb59e0:   00007fc4ca8cff70 00000001240f9614
0x0000700005bb59f0:   0000000000000001 0000700005bb6538
0x0000700005bb5a00:   00007fc4ca8cff70 0000000122ea994c
0x0000700005bb5a10:   000000000000000a 0000700005bb65d0
0x0000700005bb5a20:   0000700005bb5b10 0000000122ea9456
0x0000700005bb5a30:   0000700005bb5a01 0000000122e47060
0x0000700005bb5a40:   0000700005bb6200 0000700005bb5ac0
0x0000700005bb5a50:   0000000122e47060 0000700005bb5ad4
0x0000700005bb5a60:   0000700005bb5ad0 0000700005bb5ac0
0x0000700005bb5a70:   0000700005bb6440 0000700005bb65d0
0x0000700005bb5a80:   00000001240f95f0 00007fc4ca8d6690
0x0000700005bb5a90:   0000700005bb5960 0000700005bb5a10
0x0000700005bb5aa0:   0000000000000002 0000000200000002
0x0000700005bb5ab0:   0000700005bb5960 00000001c8a609f8
0x0000700005bb5ac0:   00007fc400000002 0000000000000000
0x0000700005bb5ad0:   0000000100000000 3a54a202c429005c
0x0000700005bb5ae0:   0000700005bb5b10 0000700005bb65d0
0x0000700005bb5af0:   00007fc4ca8d4180 0000000000000000
0x0000700005bb5b00:   00007fc4ca8d6690 0000000000000001
0x0000700005bb5b10:   0000700005bb6420 0000000122ea3a53
0x0000700005bb5b20:   0000700005bb5b60 0000000104a85cf6
0x0000700005bb5b30:   0000700005bb6420 0000000122ea3655
0x0000700005bb5b40:   0000000000000000 0000000000000000
0x0000700005bb5b50:   0000700005bb6420 0000000122ea3629
0x0000700005bb5b60:   0000000000000000 0000000000000000
0x0000700005bb5b70:   0000000000000010 0000000000000002
0x0000700005bb5b80:   0000700005bb5c10 00007fc4ca8d66b0 

Instructions: (pc=0x00000001240da57c)
0x00000001240da55c:   24 3c 02 00 00 00 c7 44 24 30 3f 00 00 00 be 02
0x00000001240da56c:   00 00 00 48 8d 54 24 30 4c 89 ff e8 5c 13 07 00
0x00000001240da57c:   80 bb 60 01 00 00 00 74 15 49 8d 7e 30 31 f6 48
0x00000001240da58c:   8d 15 3e ed ff ff 4c 89 f1 e8 08 13 07 00 48 83 

Register to memory mapping:

RAX=0x0000000000000000 is an unknown value
RBX=0x0000000000000000 is an unknown value
RCX=0x0000000000000000 is an unknown value
RDX=0x0000000000000000 is an unknown value
RSP=0x0000700005bb5990 is pointing into the stack for thread: 0x00007fc4c8a60800
RBP=0x0000700005bb5a10 is pointing into the stack for thread: 0x00007fc4c8a60800
RSI=0x0000000000000003 is an unknown value
RDI=0x0000700005e43000 is an unknown value
R8 =0x000000000001f303 is an unknown value
R9 =0x0000000000000000 is an unknown value
R10=0x000000000000002c is an unknown value
R11=0x0000000000000206 is an unknown value
R12=0x0000000000000004 is an unknown value
R13=0x0000000000000002 is an unknown value
R14=0x00007fc4c7527000 is an unknown value
R15=0x0000700005e43000 is an unknown value


Stack: [0x0000700005ab7000,0x0000700005bb7000],  sp=0x0000700005bb5990,  free space=1018k
Native frames: (J=compiled Java code, j=interpreted, Vv=VM code, C=native code)
C  [libscsynth.dylib+0x557c]  _ZN12SC_UdpInPortC2EP5Worldi+0x1be
C  0x0000700005bb65d0

Java frames: (J=compiled Java code, j=interpreted, Vv=VM code)
j  overtone.sc.machinery.server.native.lib_2cea2281_4217_4a1f_bc3f_f0e3866e033c.World_OpenUDP(Lcom/sun/jna/Pointer;I)I+0
j  overtone.sc.machinery.server.native$eval8165$fn__8166.invoke(Ljava/lang/Object;Ljava/lang/Object;)Ljava/lang/Object;+17
j  overtone.sc.machinery.server.native$scsynth_listen_udp.invokeStatic(Ljava/lang/Object;Ljava/lang/Object;)Ljava/lang/Object;+55
j  overtone.sc.machinery.server.native$scsynth_listen_udp.invoke(Ljava/lang/Object;Ljava/lang/Object;)Ljava/lang/Object;+6
j  overtone.sc.machinery.server.connection$internal_booter.invokeStatic(Ljava/lang/Object;)Ljava/lang/Object;+201
j  overtone.sc.machinery.server.connection$internal_booter.invoke(Ljava/lang/Object;)Ljava/lang/Object;+3
j  overtone.sc.machinery.server.connection$boot_internal_server$fn__8262.invoke()Ljava/lang/Object;+15
j  clojure.lang.AFn.run()V+1
j  java.lang.Thread.run()V+11
v  ~StubRoutines::call_stub

---------------  P R O C E S S  ---------------

Java Threads: ( => current thread )
  0x00007fc4c8ba6000 JavaThread "AWT-Shutdown" [_thread_blocked, id=128515, stack(0x0000700005bba000,0x0000700005cba000)]
=>0x00007fc4c8a60800 JavaThread "Thread-10" daemon [_thread_in_native, id=127491, stack(0x0000700005ab7000,0x0000700005bb7000)]
  0x00007fc4cd8be800 JavaThread "Java Sound MidiInDevice Thread" [_thread_in_native, id=126979, stack(0x00007000059b4000,0x0000700005ab4000)]
  0x00007fc4cd8c9000 JavaThread "Java Sound MidiInDevice Thread" [_thread_in_native, id=126467, stack(0x00007000058b1000,0x00007000059b1000)]
  0x00007fc4c8879800 JavaThread "pool-3-thread-10" [_thread_blocked, id=68355, stack(0x00007000057ae000,0x00007000058ae000)]
  0x00007fc4c6baf000 JavaThread "pool-3-thread-9" [_thread_blocked, id=67843, stack(0x00007000056ab000,0x00007000057ab000)]
  0x00007fc4c8b99000 JavaThread "pool-2-thread-10" [_thread_blocked, id=67331, stack(0x00007000055a8000,0x00007000056a8000)]
  0x00007fc4c72b7800 JavaThread "pool-2-thread-9" [_thread_blocked, id=66819, stack(0x00007000054a5000,0x00007000055a5000)]
  0x00007fc4c729c000 JavaThread "pool-2-thread-8" [_thread_blocked, id=66307, stack(0x00007000053a2000,0x00007000054a2000)]
  0x00007fc4c6bae000 JavaThread "pool-2-thread-7" [_thread_blocked, id=65795, stack(0x000070000529f000,0x000070000539f000)]
  0x00007fc4c6ba8800 JavaThread "pool-2-thread-6" [_thread_blocked, id=65283, stack(0x000070000519c000,0x000070000529c000)]
  0x00007fc4cd8ae800 JavaThread "pool-2-thread-5" [_thread_blocked, id=64771, stack(0x0000700005099000,0x0000700005199000)]
  0x00007fc4c8b98800 JavaThread "pool-2-thread-4" [_thread_blocked, id=64259, stack(0x0000700004f96000,0x0000700005096000)]
  0x00007fc4c8b96800 JavaThread "pool-2-thread-3" [_thread_blocked, id=63747, stack(0x0000700004e93000,0x0000700004f93000)]
  0x00007fc4c728b000 JavaThread "pool-3-thread-8" [_thread_blocked, id=63235, stack(0x0000700004d90000,0x0000700004e90000)]
  0x00007fc4c6bcf800 JavaThread "pool-3-thread-7" [_thread_blocked, id=62723, stack(0x0000700004c8d000,0x0000700004d8d000)]
  0x00007fc4c72b6800 JavaThread "pool-2-thread-2" [_thread_blocked, id=62211, stack(0x0000700004b8a000,0x0000700004c8a000)]
  0x00007fc4c6886000 JavaThread "pool-2-thread-1" [_thread_blocked, id=61707, stack(0x0000700004a87000,0x0000700004b87000)]
  0x00007fc4c67e5800 JavaThread "pool-3-thread-6" [_thread_blocked, id=61187, stack(0x0000700004984000,0x0000700004a84000)]
  0x00007fc4cd887000 JavaThread "pool-3-thread-5" [_thread_blocked, id=60675, stack(0x0000700004881000,0x0000700004981000)]
  0x00007fc4c8ad5800 JavaThread "pool-3-thread-4" [_thread_blocked, id=58631, stack(0x0000700004475000,0x0000700004575000)]
  0x00007fc4c62e4800 JavaThread "pool-3-thread-3" [_thread_blocked, id=60163, stack(0x000070000477e000,0x000070000487e000)]
  0x00007fc4c68f2000 JavaThread "pool-3-thread-2" [_thread_blocked, id=59651, stack(0x000070000467b000,0x000070000477b000)]
  0x00007fc4c68ff800 JavaThread "pool-3-thread-1" [_thread_blocked, id=59139, stack(0x0000700004578000,0x0000700004678000)]
  0x00007fc4c6418000 JavaThread "Java2D Disposer" daemon [_thread_blocked, id=57103, stack(0x00007000042e9000,0x00007000043e9000)]
  0x00007fc4c6546000 JavaThread "Java2D Queue Flusher" daemon [_thread_blocked, id=5139, stack(0x00007000041e6000,0x00007000042e6000)]
  0x00007fc4c70c5800 JavaThread "nREPL-worker-1" daemon [_thread_blocked, id=24347, stack(0x000070000258c000,0x000070000268c000)]
  0x00007fc4c6460000 JavaThread "AppKit Thread" daemon [_thread_in_native, id=775, stack(0x00007fff5bd50000,0x00007fff5c6df000)]
  0x00007fc4c7199800 JavaThread "clojure-agent-send-off-pool-3" [_thread_blocked, id=23811, stack(0x0000700003d57000,0x0000700003e57000)]
  0x00007fc4c7184800 JavaThread "clojure-agent-send-off-pool-2" [_thread_in_native, id=23299, stack(0x0000700003c54000,0x0000700003d54000)]
  0x00007fc4c7189800 JavaThread "clojure-agent-send-off-pool-1" [_thread_blocked, id=22787, stack(0x0000700003b51000,0x0000700003c51000)]
  0x00007fc4c7175800 JavaThread "clojure-agent-send-off-pool-0" [_thread_in_native, id=22275, stack(0x0000700003a4e000,0x0000700003b4e000)]
  0x00007fc4c6071800 JavaThread "Service Thread" daemon [_thread_blocked, id=21251, stack(0x0000700003848000,0x0000700003948000)]
  0x00007fc4c6810800 JavaThread "C1 CompilerThread3" daemon [_thread_blocked, id=20739, stack(0x0000700003745000,0x0000700003845000)]
  0x00007fc4c6801000 JavaThread "C2 CompilerThread2" daemon [_thread_blocked, id=20227, stack(0x0000700003642000,0x0000700003742000)]
  0x00007fc4c8807000 JavaThread "C2 CompilerThread1" daemon [_thread_blocked, id=19715, stack(0x000070000353f000,0x000070000363f000)]
  0x00007fc4c600e000 JavaThread "C2 CompilerThread0" daemon [_thread_blocked, id=19203, stack(0x000070000343c000,0x000070000353c000)]
  0x00007fc4c8812000 JavaThread "Signal Dispatcher" daemon [_thread_blocked, id=18691, stack(0x0000700003339000,0x0000700003439000)]
  0x00007fc4c7033000 JavaThread "Finalizer" daemon [_thread_blocked, id=14595, stack(0x0000700003236000,0x0000700003336000)]
  0x00007fc4c7804000 JavaThread "Reference Handler" daemon [_thread_blocked, id=14083, stack(0x0000700003133000,0x0000700003233000)]
  0x00007fc4c6802800 JavaThread "main" [_thread_blocked, id=7171, stack(0x0000700002715000,0x0000700002815000)]

Other Threads:
  0x00007fc4c7030800 VMThread [stack: 0x0000700003030000,0x0000700003130000] [id=13571]
  0x00007fc4c6072000 WatcherThread [stack: 0x000070000394b000,0x0000700003a4b000] [id=21763]

VM state:not at safepoint (normal execution)

VM Mutex/Monitor currently owned by a thread: None

Heap:
 PSYoungGen      total 619008K, used 51782K [0x0000000795580000, 0x00000007bf900000, 0x00000007c0000000)
  eden space 553472K, 8% used [0x0000000795580000,0x00000007981f6f28,0x00000007b7200000)
  from space 65536K, 9% used [0x00000007bb900000,0x00000007bbf1aa80,0x00000007bf900000)
  to   space 69120K, 0% used [0x00000007b7200000,0x00000007b7200000,0x00000007bb580000)
 ParOldGen       total 144896K, used 58896K [0x0000000740000000, 0x0000000748d80000, 0x0000000795580000)
  object space 144896K, 40% used [0x0000000740000000,0x0000000743984130,0x0000000748d80000)
 Metaspace       used 52923K, capacity 69884K, committed 70016K, reserved 1099776K
  class space    used 14012K, capacity 19751K, committed 19840K, reserved 1048576K

Card table byte_map: [0x0000000105967000,0x0000000105d68000] byte_map_base: 0x0000000101f67000

Marking Bits: (ParMarkBitMap*) 0x0000000104ef35d0
 Begin Bits: [0x0000000106013000, 0x0000000108013000)
 End Bits:   [0x0000000108013000, 0x000000010a013000)

Polling page: 0x00000001035e1000

CodeCache: size=245760Kb used=11999Kb max_used=11999Kb free=233760Kb
 bounds [0x00000001102bb000, 0x0000000110e7b000, 0x000000011f2bb000]
 total_blobs=5820 nmethods=5264 adapters=468
 compilation: enabled

Compilation events (10 events):
Event: 72.517 Thread 0x00007fc4c6810800 5274       1       clojure.lang.BigInt::toBigInteger (20 bytes)
Event: 72.518 Thread 0x00007fc4c6810800 nmethod 5274 0x0000000110e71cd0 code [0x0000000110e71e40, 0x0000000110e71f88]
Event: 72.518 Thread 0x00007fc4c6810800 5277       1       java.lang.reflect.Field::getFieldAccessor (35 bytes)
Event: 72.518 Thread 0x00007fc4c6810800 nmethod 5277 0x0000000110e72010 code [0x0000000110e72180, 0x0000000110e722e8]
Event: 74.061 Thread 0x00007fc4c6810800 5278       1       sun.reflect.UnsafeFieldAccessorImpl::ensureObj (23 bytes)
Event: 74.062 Thread 0x00007fc4c6810800 nmethod 5278 0x0000000110e72350 code [0x0000000110e724e0, 0x0000000110e727b8]
Event: 74.062 Thread 0x00007fc4c6810800 5279       1       clojure.lang.Numbers$BigIntOps::combine (8 bytes)
Event: 74.062 Thread 0x00007fc4c6810800 nmethod 5279 0x0000000110e72a10 code [0x0000000110e72b80, 0x0000000110e72cc8]
Event: 74.062 Thread 0x00007fc4c6810800 5280       1       java.math.BigInteger::<init> (77 bytes)
Event: 74.062 Thread 0x00007fc4c6810800 nmethod 5280 0x0000000110e72d50 code [0x0000000110e72ec0, 0x0000000110e73170]

GC Heap History (10 events):
Event: 65.801 GC heap before
{Heap before GC invocations=19 (full 2):
 PSYoungGen      total 583680K, used 539315K [0x0000000795580000, 0x00000007beb80000, 0x00000007c0000000)
  eden space 524288K, 100% used [0x0000000795580000,0x00000007b5580000,0x00000007b5580000)
  from space 59392K, 25% used [0x00000007bb180000,0x00000007bc02ceb8,0x00000007beb80000)
  to   space 76800K, 0% used [0x00000007b5580000,0x00000007b5580000,0x00000007ba080000)
 ParOldGen       total 160768K, used 126305K [0x0000000740000000, 0x0000000749d00000, 0x0000000795580000)
  object space 160768K, 78% used [0x0000000740000000,0x0000000747b585c8,0x0000000749d00000)
 Metaspace       used 41714K, capacity 51570K, committed 51840K, reserved 1087488K
  class space    used 10598K, capacity 14096K, committed 14208K, reserved 1048576K
Event: 65.812 GC heap after
Heap after GC invocations=19 (full 2):
 PSYoungGen      total 601088K, used 6595K [0x0000000795580000, 0x00000007c0000000, 0x00000007c0000000)
  eden space 524288K, 0% used [0x0000000795580000,0x0000000795580000,0x00000007b5580000)
  from space 76800K, 8% used [0x00000007b5580000,0x00000007b5bf0e38,0x00000007ba080000)
  to   space 75264K, 0% used [0x00000007bb680000,0x00000007bb680000,0x00000007c0000000)
 ParOldGen       total 160768K, used 131964K [0x0000000740000000, 0x0000000749d00000, 0x0000000795580000)
  object space 160768K, 82% used [0x0000000740000000,0x00000007480df140,0x0000000749d00000)
 Metaspace       used 41714K, capacity 51570K, committed 51840K, reserved 1087488K
  class space    used 10598K, capacity 14096K, committed 14208K, reserved 1048576K
}
Event: 66.430 GC heap before
{Heap before GC invocations=20 (full 2):
 PSYoungGen      total 601088K, used 530883K [0x0000000795580000, 0x00000007c0000000, 0x00000007c0000000)
  eden space 524288K, 100% used [0x0000000795580000,0x00000007b5580000,0x00000007b5580000)
  from space 76800K, 8% used [0x00000007b5580000,0x00000007b5bf0e38,0x00000007ba080000)
  to   space 75264K, 0% used [0x00000007bb680000,0x00000007bb680000,0x00000007c0000000)
 ParOldGen       total 160768K, used 131964K [0x0000000740000000, 0x0000000749d00000, 0x0000000795580000)
  object space 160768K, 82% used [0x0000000740000000,0x00000007480df140,0x0000000749d00000)
 Metaspace       used 42194K, capacity 52444K, committed 52608K, reserved 1087488K
  class space    used 10764K, capacity 14362K, committed 14464K, reserved 1048576K
Event: 66.437 GC heap after
Heap after GC invocations=20 (full 2):
 PSYoungGen      total 617472K, used 3584K [0x0000000795580000, 0x00000007bfb80000, 0x00000007c0000000)
  eden space 546816K, 0% used [0x0000000795580000,0x0000000795580000,0x00000007b6b80000)
  from space 70656K, 5% used [0x00000007bb680000,0x00000007bba00020,0x00000007bfb80000)
  to   space 73728K, 0% used [0x00000007b6b80000,0x00000007b6b80000,0x00000007bb380000)
 ParOldGen       total 160768K, used 137559K [0x0000000740000000, 0x0000000749d00000, 0x0000000795580000)
  object space 160768K, 85% used [0x0000000740000000,0x0000000748655cc8,0x0000000749d00000)
 Metaspace       used 42194K, capacity 52444K, committed 52608K, reserved 1087488K
  class space    used 10764K, capacity 14362K, committed 14464K, reserved 1048576K
}
Event: 66.437 GC heap before
{Heap before GC invocations=21 (full 3):
 PSYoungGen      total 617472K, used 3584K [0x0000000795580000, 0x00000007bfb80000, 0x00000007c0000000)
  eden space 546816K, 0% used [0x0000000795580000,0x0000000795580000,0x00000007b6b80000)
  from space 70656K, 5% used [0x00000007bb680000,0x00000007bba00020,0x00000007bfb80000)
  to   space 73728K, 0% used [0x00000007b6b80000,0x00000007b6b80000,0x00000007bb380000)
 ParOldGen       total 160768K, used 137559K [0x0000000740000000, 0x0000000749d00000, 0x0000000795580000)
  object space 160768K, 85% used [0x0000000740000000,0x0000000748655cc8,0x0000000749d00000)
 Metaspace       used 42194K, capacity 52444K, committed 52608K, reserved 1087488K
  class space    used 10764K, capacity 14362K, committed 14464K, reserved 1048576K
Event: 66.729 GC heap after
Heap after GC invocations=21 (full 3):
 PSYoungGen      total 617472K, used 0K [0x0000000795580000, 0x00000007bfb80000, 0x00000007c0000000)
  eden space 546816K, 0% used [0x0000000795580000,0x0000000795580000,0x00000007b6b80000)
  from space 70656K, 0% used [0x00000007bb680000,0x00000007bb680000,0x00000007bfb80000)
  to   space 73728K, 0% used [0x00000007b6b80000,0x00000007b6b80000,0x00000007bb380000)
 ParOldGen       total 144896K, used 53139K [0x0000000740000000, 0x0000000748d80000, 0x0000000795580000)
  object space 144896K, 36% used [0x0000000740000000,0x00000007433e4c60,0x0000000748d80000)
 Metaspace       used 42194K, capacity 52444K, committed 52608K, reserved 1087488K
  class space    used 10764K, capacity 14362K, committed 14464K, reserved 1048576K
}
Event: 68.346 GC heap before
{Heap before GC invocations=22 (full 3):
 PSYoungGen      total 617472K, used 546816K [0x0000000795580000, 0x00000007bfb80000, 0x00000007c0000000)
  eden space 546816K, 100% used [0x0000000795580000,0x00000007b6b80000,0x00000007b6b80000)
  from space 70656K, 0% used [0x00000007bb680000,0x00000007bb680000,0x00000007bfb80000)
  to   space 73728K, 0% used [0x00000007b6b80000,0x00000007b6b80000,0x00000007bb380000)
 ParOldGen       total 144896K, used 53139K [0x0000000740000000, 0x0000000748d80000, 0x0000000795580000)
  object space 144896K, 36% used [0x0000000740000000,0x00000007433e4c60,0x0000000748d80000)
 Metaspace       used 46279K, capacity 58628K, committed 58752K, reserved 1091584K
  class space    used 11977K, capacity 16218K, committed 16256K, reserved 1048576K
Event: 68.352 GC heap after
Heap after GC invocations=22 (full 3):
 PSYoungGen      total 620544K, used 6192K [0x0000000795580000, 0x00000007bff00000, 0x00000007c0000000)
  eden space 546816K, 0% used [0x0000000795580000,0x0000000795580000,0x00000007b6b80000)
  from space 73728K, 8% used [0x00000007b6b80000,0x00000007b718c010,0x00000007bb380000)
  to   space 71680K, 0% used [0x00000007bb900000,0x00000007bb900000,0x00000007bff00000)
 ParOldGen       total 144896K, used 53147K [0x0000000740000000, 0x0000000748d80000, 0x0000000795580000)
  object space 144896K, 36% used [0x0000000740000000,0x00000007433e6c60,0x0000000748d80000)
 Metaspace       used 46279K, capacity 58628K, committed 58752K, reserved 1091584K
  class space    used 11977K, capacity 16218K, committed 16256K, reserved 1048576K
}
Event: 72.427 GC heap before
{Heap before GC invocations=23 (full 3):
 PSYoungGen      total 620544K, used 553008K [0x0000000795580000, 0x00000007bff00000, 0x00000007c0000000)
  eden space 546816K, 100% used [0x0000000795580000,0x00000007b6b80000,0x00000007b6b80000)
  from space 73728K, 8% used [0x00000007b6b80000,0x00000007b718c010,0x00000007bb380000)
  to   space 71680K, 0% used [0x00000007bb900000,0x00000007bb900000,0x00000007bff00000)
 ParOldGen       total 144896K, used 53147K [0x0000000740000000, 0x0000000748d80000, 0x0000000795580000)
  object space 144896K, 36% used [0x0000000740000000,0x00000007433e6c60,0x0000000748d80000)
 Metaspace       used 52826K, capacity 69740K, committed 69888K, reserved 1099776K
  class space    used 13997K, capacity 19708K, committed 19712K, reserved 1048576K
Event: 72.436 GC heap after
Heap after GC invocations=23 (full 3):
 PSYoungGen      total 619008K, used 6250K [0x0000000795580000, 0x00000007bf900000, 0x00000007c0000000)
  eden space 553472K, 0% used [0x0000000795580000,0x0000000795580000,0x00000007b7200000)
  from space 65536K, 9% used [0x00000007bb900000,0x00000007bbf1aa80,0x00000007bf900000)
  to   space 69120K, 0% used [0x00000007b7200000,0x00000007b7200000,0x00000007bb580000)
 ParOldGen       total 144896K, used 58896K [0x0000000740000000, 0x0000000748d80000, 0x0000000795580000)
  object space 144896K, 40% used [0x0000000740000000,0x0000000743984130,0x0000000748d80000)
 Metaspace       used 52826K, capacity 69740K, committed 69888K, reserved 1099776K
  class space    used 13997K, capacity 19708K, committed 19712K, reserved 1048576K
}

Deoptimization events (0 events):
No events

Internal exceptions (10 events):
Event: 58.304 Thread 0x00007fc4c7199800 Exception <a 'java/lang/ClassNotFoundException': > (0x00000007999c5eb0) thrown at [/Users/java_re/workspace/8-2-build-macosx-x86_64/jdk8u144/9417/hotspot/src/share/vm/prims/jni.cpp, line 735]
Event: 58.304 Thread 0x00007fc4c7199800 Exception <a 'java/lang/ClassNotFoundException': > (0x00000007999c6f58) thrown at [/Users/java_re/workspace/8-2-build-macosx-x86_64/jdk8u144/9417/hotspot/src/share/vm/prims/jni.cpp, line 735]
Event: 58.304 Thread 0x00007fc4c7199800 Exception <a 'java/lang/ClassNotFoundException': > (0x00000007999c7c80) thrown at [/Users/java_re/workspace/8-2-build-macosx-x86_64/jdk8u144/9417/hotspot/src/share/vm/prims/jni.cpp, line 735]
Event: 58.304 Thread 0x00007fc4c7199800 Exception <a 'java/lang/ClassNotFoundException': > (0x00000007999c8c18) thrown at [/Users/java_re/workspace/8-2-build-macosx-x86_64/jdk8u144/9417/hotspot/src/share/vm/prims/jni.cpp, line 735]
Event: 58.304 Thread 0x00007fc4c7199800 Exception <a 'java/lang/ClassNotFoundException': > (0x00000007999c97e0) thrown at [/Users/java_re/workspace/8-2-build-macosx-x86_64/jdk8u144/9417/hotspot/src/share/vm/prims/jni.cpp, line 735]
Event: 58.304 Thread 0x00007fc4c7199800 Exception <a 'java/lang/ClassNotFoundException': > (0x00000007999ca3a8) thrown at [/Users/java_re/workspace/8-2-build-macosx-x86_64/jdk8u144/9417/hotspot/src/share/vm/prims/jni.cpp, line 735]
Event: 58.305 Thread 0x00007fc4c7199800 Exception <a 'java/lang/ClassNotFoundException': > (0x00000007999cb318) thrown at [/Users/java_re/workspace/8-2-build-macosx-x86_64/jdk8u144/9417/hotspot/src/share/vm/prims/jni.cpp, line 735]
Event: 58.305 Thread 0x00007fc4c7199800 Exception <a 'java/lang/ClassNotFoundException': > (0x00000007999cc150) thrown at [/Users/java_re/workspace/8-2-build-macosx-x86_64/jdk8u144/9417/hotspot/src/share/vm/prims/jni.cpp, line 735]
Event: 63.296 Thread 0x00007fc4c70c5800 Exception <a 'sun/nio/fs/UnixException'> (0x00000007a5037b08) thrown at [/Users/java_re/workspace/8-2-build-macosx-x86_64/jdk8u144/9417/hotspot/src/share/vm/prims/jni.cpp, line 709]
Event: 63.677 Thread 0x00007fc4c70c5800 Exception <a 'java/io/IOException'> (0x00000007a8b2cd08) thrown at [/Users/java_re/workspace/8-2-build-macosx-x86_64/jdk8u144/9417/hotspot/src/share/vm/prims/jni.cpp, line 709]

Events (10 events):
Event: 72.512 Thread 0x00007fc4c6bec000 Thread exited: 0x00007fc4c6bec000
Event: 72.529 Executing VM operation: RevokeBias
Event: 72.529 Executing VM operation: RevokeBias done
Event: 72.530 Executing VM operation: RevokeBias
Event: 72.530 Executing VM operation: RevokeBias done
Event: 72.530 loading class com/sun/jna/Structure$2$StructureSet
Event: 72.530 loading class com/sun/jna/Structure$2$StructureSet done
Event: 72.531 loading class com/sun/jna/NativeString
Event: 72.531 loading class com/sun/jna/NativeString done
Event: 73.467 Thread 0x00007fc4c8ba6000 Thread added: 0x00007fc4c8ba6000


Dynamic libraries:
0x00000000171d4000 	/System/Library/Frameworks/Cocoa.framework/Versions/A/Cocoa
0x00000000171d4000 	/System/Library/Frameworks/Security.framework/Versions/A/Security
0x00000000171d4000 	/System/Library/Frameworks/ApplicationServices.framework/Versions/A/ApplicationServices
0x00000000171d4000 	/usr/lib/libz.1.dylib
0x00000000171d4000 	/usr/lib/libSystem.B.dylib
0x00000000171d4000 	/usr/lib/libobjc.A.dylib
0x00000000171d4000 	/System/Library/Frameworks/CoreFoundation.framework/Versions/A/CoreFoundation
0x00000000171d4000 	/System/Library/Frameworks/Foundation.framework/Versions/C/Foundation
0x00000000171d4000 	/System/Library/Frameworks/AppKit.framework/Versions/C/AppKit
0x00000000171d4000 	/System/Library/Frameworks/CoreData.framework/Versions/A/CoreData
0x00000000171d4000 	/System/Library/PrivateFrameworks/RemoteViewServices.framework/Versions/A/RemoteViewServices
0x00000000171d4000 	/System/Library/PrivateFrameworks/UIFoundation.framework/Versions/A/UIFoundation
0x00000000171d4000 	/System/Library/PrivateFrameworks/DFRFoundation.framework/Versions/A/DFRFoundation
0x00000000171d4000 	/usr/lib/libenergytrace.dylib
0x00000000171d4000 	/System/Library/PrivateFrameworks/SkyLight.framework/Versions/A/SkyLight
0x00000000171d4000 	/System/Library/Frameworks/CoreGraphics.framework/Versions/A/CoreGraphics
0x00000000171d4000 	/usr/lib/libScreenReader.dylib
0x00000000171d4000 	/System/Library/Frameworks/Accelerate.framework/Versions/A/Accelerate
0x00000000171d4000 	/System/Library/Frameworks/IOSurface.framework/Versions/A/IOSurface
0x00000000171d4000 	/System/Library/Frameworks/AudioToolbox.framework/Versions/A/AudioToolbox
0x00000000171d4000 	/System/Library/Frameworks/AudioUnit.framework/Versions/A/AudioUnit
0x00000000171d4000 	/System/Library/PrivateFrameworks/DataDetectorsCore.framework/Versions/A/DataDetectorsCore
0x00000000171d4000 	/System/Library/PrivateFrameworks/DesktopServicesPriv.framework/Versions/A/DesktopServicesPriv
0x00000000171d4000 	/System/Library/Frameworks/Carbon.framework/Versions/A/Frameworks/HIToolbox.framework/Versions/A/HIToolbox
0x00000000171d4000 	/usr/lib/libicucore.A.dylib
0x00000000171d4000 	/System/Library/Frameworks/QuartzCore.framework/Versions/A/QuartzCore
0x00000000171d4000 	/System/Library/Frameworks/Carbon.framework/Versions/A/Frameworks/SpeechRecognition.framework/Versions/A/SpeechRecognition
0x00000000171d4000 	/usr/lib/libauto.dylib
0x00000000171d4000 	/usr/lib/libxml2.2.dylib
0x00000000171d4000 	/System/Library/PrivateFrameworks/CoreUI.framework/Versions/A/CoreUI
0x00000000171d4000 	/System/Library/Frameworks/CoreAudio.framework/Versions/A/CoreAudio
0x00000000171d4000 	/System/Library/Frameworks/DiskArbitration.framework/Versions/A/DiskArbitration
0x00000000171d4000 	/usr/lib/liblangid.dylib
0x00000000171d4000 	/System/Library/PrivateFrameworks/MultitouchSupport.framework/Versions/A/MultitouchSupport
0x00000000171d4000 	/System/Library/Frameworks/IOKit.framework/Versions/A/IOKit
0x00000000171d4000 	/usr/lib/libDiagnosticMessagesClient.dylib
0x00000000171d4000 	/System/Library/Frameworks/CoreServices.framework/Versions/A/CoreServices
0x00000000171d4000 	/System/Library/PrivateFrameworks/PerformanceAnalysis.framework/Versions/A/PerformanceAnalysis
0x00000000171d4000 	/System/Library/PrivateFrameworks/GenerationalStorage.framework/Versions/A/GenerationalStorage
0x00000000171d4000 	/System/Library/Frameworks/OpenGL.framework/Versions/A/OpenGL
0x00000000171d4000 	/System/Library/Frameworks/CoreImage.framework/Versions/A/CoreImage
0x00000000171d4000 	/System/Library/Frameworks/CoreText.framework/Versions/A/CoreText
0x00000000171d4000 	/System/Library/Frameworks/ImageIO.framework/Versions/A/ImageIO
0x00000000171d4000 	/System/Library/PrivateFrameworks/Backup.framework/Versions/A/Backup
0x00000000171d4000 	/usr/lib/libarchive.2.dylib
0x00000000171d4000 	/System/Library/Frameworks/CFNetwork.framework/Versions/A/CFNetwork
0x00000000171d4000 	/System/Library/Frameworks/SystemConfiguration.framework/Versions/A/SystemConfiguration
0x00000000171d4000 	/usr/lib/libCRFSuite.dylib
0x00000000171d4000 	/usr/lib/libc++.1.dylib
0x00000000171d4000 	/usr/lib/libc++abi.dylib
0x00000000171d4000 	/usr/lib/system/libcache.dylib
0x00000000171d4000 	/usr/lib/system/libcommonCrypto.dylib
0x00000000171d4000 	/usr/lib/system/libcompiler_rt.dylib
0x00000000171d4000 	/usr/lib/system/libcopyfile.dylib
0x00000000171d4000 	/usr/lib/system/libcorecrypto.dylib
0x00000000171d4000 	/usr/lib/system/libdispatch.dylib
0x00000000171d4000 	/usr/lib/system/libdyld.dylib
0x00000000171d4000 	/usr/lib/system/libkeymgr.dylib
0x00000000171d4000 	/usr/lib/system/liblaunch.dylib
0x00000000171d4000 	/usr/lib/system/libmacho.dylib
0x00000000171d4000 	/usr/lib/system/libquarantine.dylib
0x00000000171d4000 	/usr/lib/system/libremovefile.dylib
0x00000000171d4000 	/usr/lib/system/libsystem_asl.dylib
0x00000000171d4000 	/usr/lib/system/libsystem_blocks.dylib
0x00000000171d4000 	/usr/lib/system/libsystem_c.dylib
0x00000000171d4000 	/usr/lib/system/libsystem_configuration.dylib
0x00000000171d4000 	/usr/lib/system/libsystem_coreservices.dylib
0x00000000171d4000 	/usr/lib/system/libsystem_coretls.dylib
0x00000000171d4000 	/usr/lib/system/libsystem_dnssd.dylib
0x00000000171d4000 	/usr/lib/system/libsystem_info.dylib
0x00000000171d4000 	/usr/lib/system/libsystem_kernel.dylib
0x00000000171d4000 	/usr/lib/system/libsystem_m.dylib
0x00000000171d4000 	/usr/lib/system/libsystem_malloc.dylib
0x00000000171d4000 	/usr/lib/system/libsystem_network.dylib
0x00000000171d4000 	/usr/lib/system/libsystem_networkextension.dylib
0x00000000171d4000 	/usr/lib/system/libsystem_notify.dylib
0x00000000171d4000 	/usr/lib/system/libsystem_platform.dylib
0x00000000171d4000 	/usr/lib/system/libsystem_pthread.dylib
0x00000000171d4000 	/usr/lib/system/libsystem_sandbox.dylib
0x00000000171d4000 	/usr/lib/system/libsystem_secinit.dylib
0x00000000171d4000 	/usr/lib/system/libsystem_symptoms.dylib
0x00000000171d4000 	/usr/lib/system/libsystem_trace.dylib
0x00000000171d4000 	/usr/lib/system/libunwind.dylib
0x00000000171d4000 	/usr/lib/system/libxpc.dylib
0x00000000171d4000 	/usr/lib/libbsm.0.dylib
0x00000000171d4000 	/usr/lib/system/libkxld.dylib
0x00000000171d4000 	/usr/lib/libcoretls.dylib
0x00000000171d4000 	/usr/lib/libcoretls_cfhelpers.dylib
0x00000000171d4000 	/usr/lib/libOpenScriptingUtil.dylib
0x00000000171d4000 	/usr/lib/libpam.2.dylib
0x00000000171d4000 	/usr/lib/libsqlite3.dylib
0x00000000171d4000 	/usr/lib/libxar.1.dylib
0x00000000171d4000 	/usr/lib/libbz2.1.0.dylib
0x00000000171d4000 	/usr/lib/liblzma.5.dylib
0x00000000171d4000 	/usr/lib/libnetwork.dylib
0x00000000171d4000 	/usr/lib/libpcap.A.dylib
0x00000000171d4000 	/System/Library/Frameworks/CoreServices.framework/Versions/A/Frameworks/FSEvents.framework/Versions/A/FSEvents
0x00000000171d4000 	/System/Library/Frameworks/CoreServices.framework/Versions/A/Frameworks/CarbonCore.framework/Versions/A/CarbonCore
0x00000000171d4000 	/System/Library/Frameworks/CoreServices.framework/Versions/A/Frameworks/Metadata.framework/Versions/A/Metadata
0x00000000171d4000 	/System/Library/Frameworks/CoreServices.framework/Versions/A/Frameworks/OSServices.framework/Versions/A/OSServices
0x00000000171d4000 	/System/Library/Frameworks/CoreServices.framework/Versions/A/Frameworks/SearchKit.framework/Versions/A/SearchKit
0x00000000171d4000 	/System/Library/Frameworks/CoreServices.framework/Versions/A/Frameworks/AE.framework/Versions/A/AE
0x00000000171d4000 	/System/Library/Frameworks/CoreServices.framework/Versions/A/Frameworks/LaunchServices.framework/Versions/A/LaunchServices
0x00000000171d4000 	/System/Library/Frameworks/CoreServices.framework/Versions/A/Frameworks/DictionaryServices.framework/Versions/A/DictionaryServices
0x00000000171d4000 	/System/Library/Frameworks/CoreServices.framework/Versions/A/Frameworks/SharedFileList.framework/Versions/A/SharedFileList
0x00000000171d4000 	/System/Library/Frameworks/NetFS.framework/Versions/A/NetFS
0x00000000171d4000 	/System/Library/PrivateFrameworks/NetAuth.framework/Versions/A/NetAuth
0x00000000171d4000 	/System/Library/PrivateFrameworks/login.framework/Versions/A/Frameworks/loginsupport.framework/Versions/A/loginsupport
0x00000000171d4000 	/System/Library/PrivateFrameworks/TCC.framework/Versions/A/TCC
0x00000000171d4000 	/usr/lib/libmecabra.dylib
0x00000000171d4000 	/System/Library/Frameworks/ApplicationServices.framework/Versions/A/Frameworks/ATS.framework/Versions/A/ATS
0x00000000171d4000 	/System/Library/Frameworks/ApplicationServices.framework/Versions/A/Frameworks/ColorSync.framework/Versions/A/ColorSync
0x00000000171d4000 	/System/Library/Frameworks/ApplicationServices.framework/Versions/A/Frameworks/HIServices.framework/Versions/A/HIServices
0x00000000171d4000 	/System/Library/Frameworks/ApplicationServices.framework/Versions/A/Frameworks/LangAnalysis.framework/Versions/A/LangAnalysis
0x00000000171d4000 	/System/Library/Frameworks/ApplicationServices.framework/Versions/A/Frameworks/PrintCore.framework/Versions/A/PrintCore
0x00000000171d4000 	/System/Library/Frameworks/ApplicationServices.framework/Versions/A/Frameworks/QD.framework/Versions/A/QD
0x00000000171d4000 	/System/Library/Frameworks/ApplicationServices.framework/Versions/A/Frameworks/SpeechSynthesis.framework/Versions/A/SpeechSynthesis
0x00000000171d4000 	/System/Library/Frameworks/Accelerate.framework/Versions/A/Frameworks/vImage.framework/Versions/A/vImage
0x00000000171d4000 	/System/Library/Frameworks/Accelerate.framework/Versions/A/Frameworks/vecLib.framework/Versions/A/vecLib
0x00000000171d4000 	/System/Library/Frameworks/Accelerate.framework/Versions/A/Frameworks/vecLib.framework/Versions/A/libvDSP.dylib
0x00000000171d4000 	/System/Library/Frameworks/Accelerate.framework/Versions/A/Frameworks/vecLib.framework/Versions/A/libBNNS.dylib
0x00000000171d4000 	/System/Library/Frameworks/Accelerate.framework/Versions/A/Frameworks/vecLib.framework/Versions/A/libQuadrature.dylib
0x00000000171d4000 	/System/Library/Frameworks/Accelerate.framework/Versions/A/Frameworks/vecLib.framework/Versions/A/libvMisc.dylib
0x00000000171d4000 	/System/Library/Frameworks/Accelerate.framework/Versions/A/Frameworks/vecLib.framework/Versions/A/libLAPACK.dylib
0x00000000171d4000 	/System/Library/Frameworks/Accelerate.framework/Versions/A/Frameworks/vecLib.framework/Versions/A/libBLAS.dylib
0x00000000171d4000 	/System/Library/Frameworks/Accelerate.framework/Versions/A/Frameworks/vecLib.framework/Versions/A/libLinearAlgebra.dylib
0x00000000171d4000 	/System/Library/Frameworks/Accelerate.framework/Versions/A/Frameworks/vecLib.framework/Versions/A/libSparseBLAS.dylib
0x00000000171d4000 	/System/Library/Frameworks/ApplicationServices.framework/Versions/A/Frameworks/ATS.framework/Versions/A/Resources/libFontParser.dylib
0x00000000171d4000 	/System/Library/Frameworks/ApplicationServices.framework/Versions/A/Frameworks/ATS.framework/Versions/A/Resources/libFontRegistry.dylib
0x00000000171d4000 	/System/Library/Frameworks/ImageIO.framework/Versions/A/Resources/libJPEG.dylib
0x00000000171d4000 	/System/Library/Frameworks/ImageIO.framework/Versions/A/Resources/libTIFF.dylib
0x00000000171d4000 	/System/Library/Frameworks/ImageIO.framework/Versions/A/Resources/libPng.dylib
0x00000000171d4000 	/System/Library/Frameworks/ImageIO.framework/Versions/A/Resources/libGIF.dylib
0x00000000171d4000 	/System/Library/Frameworks/ImageIO.framework/Versions/A/Resources/libJP2.dylib
0x00000000171d4000 	/System/Library/Frameworks/ImageIO.framework/Versions/A/Resources/libRadiance.dylib
0x00000000171d4000 	/usr/lib/libcompression.dylib
0x00000000171d4000 	/System/Library/PrivateFrameworks/AppleJPEG.framework/Versions/A/AppleJPEG
0x00000000171d4000 	/usr/lib/libcups.2.dylib
0x00000000171d4000 	/System/Library/Frameworks/Kerberos.framework/Versions/A/Kerberos
0x00000000171d4000 	/System/Library/Frameworks/GSS.framework/Versions/A/GSS
0x00000000171d4000 	/usr/lib/libresolv.9.dylib
0x00000000171d4000 	/usr/lib/libiconv.2.dylib
0x00000000171d4000 	/System/Library/PrivateFrameworks/Heimdal.framework/Versions/A/Heimdal
0x00000000171d4000 	/usr/lib/libheimdal-asn1.dylib
0x00000000171d4000 	/System/Library/Frameworks/OpenDirectory.framework/Versions/A/OpenDirectory
0x00000000171d4000 	/System/Library/PrivateFrameworks/CommonAuth.framework/Versions/A/CommonAuth
0x00000000171d4000 	/System/Library/Frameworks/OpenDirectory.framework/Versions/A/Frameworks/CFOpenDirectory.framework/Versions/A/CFOpenDirectory
0x00000000171d4000 	/System/Library/Frameworks/SecurityFoundation.framework/Versions/A/SecurityFoundation
0x00000000171d4000 	/System/Library/PrivateFrameworks/LanguageModeling.framework/Versions/A/LanguageModeling
0x00000000171d4000 	/usr/lib/libmarisa.dylib
0x00000000171d4000 	/usr/lib/libChineseTokenizer.dylib
0x00000000171d4000 	/usr/lib/libcmph.dylib
0x00000000171d4000 	/System/Library/PrivateFrameworks/CoreEmoji.framework/Versions/A/CoreEmoji
0x00000000171d4000 	/System/Library/Frameworks/ServiceManagement.framework/Versions/A/ServiceManagement
0x00000000171d4000 	/usr/lib/libxslt.1.dylib
0x00000000171d4000 	/System/Library/Frameworks/Carbon.framework/Versions/A/Frameworks/Ink.framework/Versions/A/Ink
0x00000000171d4000 	/System/Library/PrivateFrameworks/TextureIO.framework/Versions/A/TextureIO
0x00000000171d4000 	/System/Library/Frameworks/Metal.framework/Versions/A/Metal
0x00000000171d4000 	/usr/lib/libate.dylib
0x00000000171d4000 	/System/Library/PrivateFrameworks/GPUCompiler.framework/libmetal_timestamp.dylib
0x00000000171d4000 	/System/Library/Frameworks/OpenGL.framework/Versions/A/Libraries/libCoreFSCache.dylib
0x00000000171d4000 	/System/Library/PrivateFrameworks/IOAccelerator.framework/Versions/A/IOAccelerator
0x00000000171d4000 	/System/Library/Frameworks/CoreVideo.framework/Versions/A/CoreVideo
0x00000000171d4000 	/usr/lib/libFosl_dynamic.dylib
0x00000000171d4000 	/System/Library/PrivateFrameworks/MetalPerformanceShaders.framework/Versions/A/MetalPerformanceShaders
0x00000000171d4000 	/System/Library/PrivateFrameworks/FaceCore.framework/Versions/A/FaceCore
0x00000000171d4000 	/System/Library/Frameworks/OpenCL.framework/Versions/A/OpenCL
0x00000000171d4000 	/System/Library/Frameworks/OpenGL.framework/Versions/A/Libraries/libGLU.dylib
0x00000000171d4000 	/System/Library/Frameworks/OpenGL.framework/Versions/A/Libraries/libGFXShared.dylib
0x00000000171d4000 	/System/Library/Frameworks/OpenGL.framework/Versions/A/Libraries/libGL.dylib
0x00000000171d4000 	/System/Library/Frameworks/OpenGL.framework/Versions/A/Libraries/libGLImage.dylib
0x00000000171d4000 	/System/Library/Frameworks/OpenGL.framework/Versions/A/Libraries/libCVMSPluginSupport.dylib
0x00000000171d4000 	/System/Library/Frameworks/OpenGL.framework/Versions/A/Libraries/libCoreVMClient.dylib
0x00000000171d4000 	/System/Library/PrivateFrameworks/CrashReporterSupport.framework/Versions/A/CrashReporterSupport
0x00000000171d4000 	/System/Library/PrivateFrameworks/Sharing.framework/Versions/A/Sharing
0x00000000171d4000 	/System/Library/PrivateFrameworks/IconServices.framework/Versions/A/IconServices
0x00000000171d4000 	/System/Library/PrivateFrameworks/ProtocolBuffer.framework/Versions/A/ProtocolBuffer
0x00000000171d4000 	/System/Library/PrivateFrameworks/Apple80211.framework/Versions/A/Apple80211
0x00000000171d4000 	/System/Library/Frameworks/CoreWLAN.framework/Versions/A/CoreWLAN
0x00000000171d4000 	/System/Library/PrivateFrameworks/CoreUtils.framework/Versions/A/CoreUtils
0x00000000171d4000 	/System/Library/Frameworks/IOBluetooth.framework/Versions/A/IOBluetooth
0x00000000171d4000 	/System/Library/PrivateFrameworks/CoreWiFi.framework/Versions/A/CoreWiFi
0x00000000171d4000 	/System/Library/Frameworks/CoreBluetooth.framework/Versions/A/CoreBluetooth
0x00000000171d4000 	/System/Library/Frameworks/CoreDisplay.framework/Versions/A/CoreDisplay
0x00000000171d4000 	/System/Library/PrivateFrameworks/IOPresentment.framework/Versions/A/IOPresentment
0x00000000171d4000 	/System/Library/PrivateFrameworks/DSExternalDisplay.framework/Versions/A/DSExternalDisplay
0x00000000171d4000 	/System/Library/PrivateFrameworks/DebugSymbols.framework/Versions/A/DebugSymbols
0x00000000171d4000 	/System/Library/PrivateFrameworks/CoreSymbolication.framework/Versions/A/CoreSymbolication
0x00000000171d4000 	/System/Library/PrivateFrameworks/Symbolication.framework/Versions/A/Symbolication
0x00000000171d4000 	/System/Library/PrivateFrameworks/AppleFSCompression.framework/Versions/A/AppleFSCompression
0x00000000171d4000 	/System/Library/PrivateFrameworks/SpeechRecognitionCore.framework/Versions/A/SpeechRecognitionCore
0x00000000171d4000 	/System/Library/PrivateFrameworks/ChunkingLibrary.framework/Versions/A/ChunkingLibrary
0x0000000104600000 	/Library/Java/JavaVirtualMachines/jdk1.8.0_144.jdk/Contents/Home/jre/lib/server/libjvm.dylib
0x00000000171d4000 	/usr/lib/libstdc++.6.dylib
0x000000010359e000 	/Library/Java/JavaVirtualMachines/jdk1.8.0_144.jdk/Contents/Home/jre/lib/libverify.dylib
0x00000001035ac000 	/Library/Java/JavaVirtualMachines/jdk1.8.0_144.jdk/Contents/Home/jre/lib/libjava.dylib
0x00000001035eb000 	/Library/Java/JavaVirtualMachines/jdk1.8.0_144.jdk/Contents/Home/jre/lib/libzip.dylib
0x000000010cb8b000 	/System/Library/Frameworks/JavaVM.framework/Frameworks/JavaRuntimeSupport.framework/JavaRuntimeSupport
0x000000010cba5000 	/System/Library/Frameworks/JavaVM.framework/Versions/A/Frameworks/JavaNativeFoundation.framework/Versions/A/JavaNativeFoundation
0x000000010cbba000 	/System/Library/Frameworks/JavaVM.framework/Versions/A/JavaVM
0x00000000171d4000 	/System/Library/Frameworks/Carbon.framework/Versions/A/Carbon
0x000000010cbc7000 	/System/Library/PrivateFrameworks/JavaLaunching.framework/Versions/A/JavaLaunching
0x00000000171d4000 	/System/Library/Frameworks/Carbon.framework/Versions/A/Frameworks/CommonPanels.framework/Versions/A/CommonPanels
0x00000000171d4000 	/System/Library/Frameworks/Carbon.framework/Versions/A/Frameworks/Help.framework/Versions/A/Help
0x00000000171d4000 	/System/Library/Frameworks/Carbon.framework/Versions/A/Frameworks/ImageCapture.framework/Versions/A/ImageCapture
0x00000000171d4000 	/System/Library/Frameworks/Carbon.framework/Versions/A/Frameworks/OpenScripting.framework/Versions/A/OpenScripting
0x00000000171d4000 	/System/Library/Frameworks/Carbon.framework/Versions/A/Frameworks/Print.framework/Versions/A/Print
0x00000000171d4000 	/System/Library/Frameworks/Carbon.framework/Versions/A/Frameworks/SecurityHI.framework/Versions/A/SecurityHI
0x000000010f198000 	/Library/Java/JavaVirtualMachines/jdk1.8.0_144.jdk/Contents/Home/jre/lib/libnet.dylib
0x000000010fd93000 	/Library/Java/JavaVirtualMachines/jdk1.8.0_144.jdk/Contents/Home/jre/lib/libawt.dylib
0x000000010fe3b000 	/Library/Java/JavaVirtualMachines/jdk1.8.0_144.jdk/Contents/Home/jre/lib/./libmlib_image.dylib
0x000000010ff07000 	/Library/Java/JavaVirtualMachines/jdk1.8.0_144.jdk/Contents/Home/jre/lib/libawt_lwawt.dylib
0x000000010ffbe000 	/Library/Java/JavaVirtualMachines/jdk1.8.0_144.jdk/Contents/Home/jre/lib/./libosxapp.dylib
0x00000000171d4000 	/System/Library/Frameworks/ExceptionHandling.framework/Versions/A/ExceptionHandling
0x00000000171d4000 	/System/Library/PrivateFrameworks/CoreServicesInternal.framework/Versions/A/CoreServicesInternal
0x00000000171d4000 	/System/Library/CoreServices/RawCamera.bundle/Contents/MacOS/RawCamera
0x00000000171d4000 	/System/Library/Frameworks/Accelerate.framework/Versions/A/Frameworks/vImage.framework/Versions/A/Libraries/libCGInterfaces.dylib
0x00000000171d4000 	/System/Library/PrivateFrameworks/FamilyControls.framework/Versions/A/FamilyControls
0x00000000171d4000 	/System/Library/PrivateFrameworks/CommerceKit.framework/Versions/A/Frameworks/CommerceCore.framework/Versions/A/CommerceCore
0x00000000171d4000 	/System/Library/PrivateFrameworks/SystemAdministration.framework/Versions/A/SystemAdministration
0x00000000171d4000 	/System/Library/PrivateFrameworks/AppContainer.framework/Versions/A/AppContainer
0x00000000171d4000 	/System/Library/PrivateFrameworks/SecCodeWrapper.framework/Versions/A/SecCodeWrapper
0x00000000171d4000 	/System/Library/Frameworks/DirectoryService.framework/Versions/A/DirectoryService
0x00000000171d4000 	/System/Library/PrivateFrameworks/DiskImages.framework/Versions/A/DiskImages
0x00000000171d4000 	/System/Library/PrivateFrameworks/LoginUIKit.framework/Versions/A/Frameworks/LoginUICore.framework/Versions/A/LoginUICore
0x00000000171d4000 	/usr/lib/libCoreStorage.dylib
0x00000000171d4000 	/usr/lib/libcsfde.dylib
0x00000000171d4000 	/usr/lib/libodfde.dylib
0x00000000171d4000 	/System/Library/Frameworks/DiscRecording.framework/Versions/A/DiscRecording
0x00000000171d4000 	/usr/lib/libcurl.4.dylib
0x00000000171d4000 	/System/Library/PrivateFrameworks/MediaKit.framework/Versions/A/MediaKit
0x00000000171d4000 	/System/Library/PrivateFrameworks/ProtectedCloudStorage.framework/Versions/A/ProtectedCloudStorage
0x00000000171d4000 	/System/Library/PrivateFrameworks/EFILogin.framework/Versions/A/EFILogin
0x00000000171d4000 	/usr/lib/libutil.dylib
0x00000000171d4000 	/System/Library/Frameworks/LDAP.framework/Versions/A/LDAP
0x00000000171d4000 	/usr/lib/libsasl2.2.dylib
0x00000000171d4000 	/System/Library/PrivateFrameworks/CoreDaemon.framework/Versions/B/CoreDaemon
0x00000000171d4000 	/System/Library/PrivateFrameworks/AppleSRP.framework/Versions/A/AppleSRP
0x00000000171d4000 	/System/Library/PrivateFrameworks/APFS.framework/Versions/A/APFS
0x000000010fff4000 	/Library/Java/JavaVirtualMachines/jdk1.8.0_144.jdk/Contents/Home/jre/lib/libfontmanager.dylib
0x00000000171d4000 	/System/Library/Frameworks/OpenGL.framework/Versions/A/Resources/GLEngine.bundle/GLEngine
0x00000000171d4000 	/System/Library/Frameworks/OpenGL.framework/Versions/A/Libraries/libGLProgrammability.dylib
0x000000012154d000 	/System/Library/Extensions/AppleIntelHD4000GraphicsGLDriver.bundle/Contents/MacOS/AppleIntelHD4000GraphicsGLDriver
0x00000000171d4000 	/System/Library/PrivateFrameworks/GPUSupport.framework/Versions/A/Libraries/libGPUSupportMercury.dylib
0x00000000171d4000 	/System/Library/Extensions/GeForceGLDriver.bundle/Contents/MacOS/GeForceGLDriver
0x00000000171d4000 	/System/Library/Extensions/GeForceGLDriver.bundle/Contents/MacOS/libclh.dylib
0x00000000171d4000 	/System/Library/Frameworks/OpenGL.framework/Versions/A/Resources/GLRendererFloat.bundle/GLRendererFloat
0x00000000171d4000 	/System/Library/Frameworks/OpenCL.framework/Versions/A/Libraries/libcldcpuengine.dylib
0x00000000171d4000 	/usr/lib/libcrypto.0.9.8.dylib
0x00000000171d4000 	/System/Library/PrivateFrameworks/TrustEvaluationAgent.framework/Versions/A/TrustEvaluationAgent
0x0000000122c8c000 	/Library/Java/JavaVirtualMachines/jdk1.8.0_144.jdk/Contents/Home/jre/lib/libnio.dylib
0x0000000122e9c000 	/private/var/folders/s5/rc256kps77d156b1dddv2_4c0000gn/T/jna-3118/jna1156003124659540749.tmp
0x000000010fb6b000 	/Library/Java/JavaVirtualMachines/jdk1.8.0_144.jdk/Contents/Home/jre/lib/libjsound.dylib
0x0000000122eee000 	/System/Library/Frameworks/CoreMIDI.framework/Versions/A/CoreMIDI
0x0000000122f54000 	/usr/lib/libexpat.1.dylib
0x000000010fb7e000 	/System/Library/Extensions/AppleHDA.kext/Contents/PlugIns/AppleHDAHALPlugIn.bundle/Contents/MacOS/AppleHDAHALPlugIn
0x0000000122f77000 	/Library/Java/JavaVirtualMachines/jdk1.8.0_144.jdk/Contents/Home/jre/lib/libmanagement.dylib
0x00000001240d5000 	/Users/ao/repos/post-tonal-overtone/target/native/macosx/x86_64/libscsynth.dylib
0x00000001242e9000 	/Users/ao/repos/post-tonal-overtone/target/native/macosx/x86_64/AmbisonicUGens.scx
0x00000001242ef000 	/Users/ao/repos/post-tonal-overtone/target/native/macosx/x86_64/AtkUGens.scx
0x0000000124308000 	/Users/ao/repos/post-tonal-overtone/target/native/macosx/x86_64/AY_UGen.scx
0x000000012430f000 	/Users/ao/repos/post-tonal-overtone/target/native/macosx/x86_64/BatPVUgens.scx
0x0000000124317000 	/Users/ao/repos/post-tonal-overtone/target/native/macosx/x86_64/BatUGens.scx
0x000000012431c000 	/Users/ao/repos/post-tonal-overtone/target/native/macosx/x86_64/BBCut2UGens.scx
0x0000000124324000 	/Users/ao/repos/post-tonal-overtone/target/native/macosx/x86_64/BerlachUGens.scx
0x0000000124335000 	/Users/ao/repos/post-tonal-overtone/target/native/macosx/x86_64/BetablockerUGens.scx
0x000000012433d000 	/Users/ao/repos/post-tonal-overtone/target/native/macosx/x86_64/BhobChaos.scx
0x0000000124348000 	/Users/ao/repos/post-tonal-overtone/target/native/macosx/x86_64/BhobFFT.scx
0x000000012435b000 	/Users/ao/repos/post-tonal-overtone/target/native/macosx/x86_64/BhobFilt.scx
0x000000012436d000 	/Users/ao/repos/post-tonal-overtone/target/native/macosx/x86_64/BhobGrain.scx
0x0000000124374000 	/Users/ao/repos/post-tonal-overtone/target/native/macosx/x86_64/BhobNoise.scx
0x000000012437d000 	/Users/ao/repos/post-tonal-overtone/target/native/macosx/x86_64/BinaryOpUGens.scx
0x00000001243a6000 	/Users/ao/repos/post-tonal-overtone/target/native/macosx/x86_64/BlackrainUGens.scx
0x00000001243ab000 	/Users/ao/repos/post-tonal-overtone/target/native/macosx/x86_64/ChaosUGens.scx
0x00000001243b4000 	/Users/ao/repos/post-tonal-overtone/target/native/macosx/x86_64/Concat.scx
0x00000001243bb000 	/Users/ao/repos/post-tonal-overtone/target/native/macosx/x86_64/DelayUGens.scx
0x00000001243e6000 	/Users/ao/repos/post-tonal-overtone/target/native/macosx/x86_64/DemandUGens.scx
0x00000001243f1000 	/Users/ao/repos/post-tonal-overtone/target/native/macosx/x86_64/DiskIO_UGens.scx
0x0000000124467000 	/Users/ao/repos/post-tonal-overtone/target/native/macosx/x86_64/DistortionUGens.scx
0x000000012446b000 	/Users/ao/repos/post-tonal-overtone/target/native/macosx/x86_64/DynNoiseUGens.scx
0x0000000124470000 	/Users/ao/repos/post-tonal-overtone/target/native/macosx/x86_64/FFT_UGens.scx
0x0000000124490000 	/Users/ao/repos/post-tonal-overtone/target/native/macosx/x86_64/FilterUGens.scx
0x00000001244ac000 	/Users/ao/repos/post-tonal-overtone/target/native/macosx/x86_64/GendynUGens.scx
0x00000001244b1000 	/Users/ao/repos/post-tonal-overtone/target/native/macosx/x86_64/GlitchUGens.scx
0x00000001244b6000 	/Users/ao/repos/post-tonal-overtone/target/native/macosx/x86_64/GrainUGens.scx
0x00000001244c9000 	/Users/ao/repos/post-tonal-overtone/target/native/macosx/x86_64/IOUGens.scx
0x00000001244d1000 	/Users/ao/repos/post-tonal-overtone/target/native/macosx/x86_64/JoshAmbiUGens.scx
0x00000001244de000 	/Users/ao/repos/post-tonal-overtone/target/native/macosx/x86_64/JoshGrainUGens.scx
0x0000000124509000 	/Users/ao/repos/post-tonal-overtone/target/native/macosx/x86_64/JoshPVUGens.scx
0x0000000124526000 	/Users/ao/repos/post-tonal-overtone/target/native/macosx/x86_64/JoshUGens.scx
0x0000000124540000 	/Users/ao/repos/post-tonal-overtone/target/native/macosx/x86_64/KeyboardUGens.scx
0x0000000124545000 	/Users/ao/repos/post-tonal-overtone/target/native/macosx/x86_64/LadspaUGen.scx
0x0000000124549000 	/Users/ao/repos/post-tonal-overtone/target/native/macosx/x86_64/LFUGens.scx
0x000000012455c000 	/Users/ao/repos/post-tonal-overtone/target/native/macosx/x86_64/LoopBuf.scx
0x0000000124561000 	/Users/ao/repos/post-tonal-overtone/target/native/macosx/x86_64/MCLDBufferUGens.scx
0x0000000124566000 	/Users/ao/repos/post-tonal-overtone/target/native/macosx/x86_64/MCLDCepstrumUGens.scx
0x0000000124576000 	/Users/ao/repos/post-tonal-overtone/target/native/macosx/x86_64/MCLDChaosUGens.scx
0x000000012457c000 	/Users/ao/repos/post-tonal-overtone/target/native/macosx/x86_64/MCLDDistortionUGens.scx
0x0000000124580000 	/Users/ao/repos/post-tonal-overtone/target/native/macosx/x86_64/MCLDFFTUGens.scx
0x0000000124595000 	/Users/ao/repos/post-tonal-overtone/target/native/macosx/x86_64/MCLDFilterUGens.scx
0x0000000124599000 	/Users/ao/repos/post-tonal-overtone/target/native/macosx/x86_64/MCLDGetenvUGen.scx
0x000000012459d000 	/Users/ao/repos/post-tonal-overtone/target/native/macosx/x86_64/MCLDOscUGens.scx
0x00000001245a1000 	/Users/ao/repos/post-tonal-overtone/target/native/macosx/x86_64/MCLDPollUGens.scx
0x00000001245a5000 	/Users/ao/repos/post-tonal-overtone/target/native/macosx/x86_64/MCLDSOMUGens.scx
0x00000001245ab000 	/Users/ao/repos/post-tonal-overtone/target/native/macosx/x86_64/MCLDTreeUGens.scx
0x00000001245b0000 	/Users/ao/repos/post-tonal-overtone/target/native/macosx/x86_64/MCLDTriggeredStatsUgens.scx
0x00000001245b4000 	/Users/ao/repos/post-tonal-overtone/target/native/macosx/x86_64/MdaUGens.scx
0x00000001246d6000 	/Users/ao/repos/post-tonal-overtone/target/native/macosx/x86_64/MembraneUGens.scx
0x00000001246db000 	/Users/ao/repos/post-tonal-overtone/target/native/macosx/x86_64/ML_UGens.scx
0x000000012470e000 	/Users/ao/repos/post-tonal-overtone/target/native/macosx/x86_64/MouseUGens.scx
0x0000000124714000 	/Users/ao/repos/post-tonal-overtone/target/native/macosx/x86_64/MulAddUGens.scx
0x000000012471b000 	/Users/ao/repos/post-tonal-overtone/target/native/macosx/x86_64/NCAnalysisUGens.scx
0x000000012473a000 	/Users/ao/repos/post-tonal-overtone/target/native/macosx/x86_64/NoiseUGens.scx
0x0000000124741000 	/Users/ao/repos/post-tonal-overtone/target/native/macosx/x86_64/OscUGens.scx
0x0000000124751000 	/Users/ao/repos/post-tonal-overtone/target/native/macosx/x86_64/PanUGens.scx
0x000000012475a000 	/Users/ao/repos/post-tonal-overtone/target/native/macosx/x86_64/PhysicalModelingUGens.scx
0x000000012475e000 	/Users/ao/repos/post-tonal-overtone/target/native/macosx/x86_64/PitchDetection.scx
0x0000000124765000 	/Users/ao/repos/post-tonal-overtone/target/native/macosx/x86_64/PV_ThirdParty.scx
0x0000000124779000 	/Users/ao/repos/post-tonal-overtone/target/native/macosx/x86_64/ReverbUGens.scx
0x0000000124781000 	/Users/ao/repos/post-tonal-overtone/target/native/macosx/x86_64/RFWUGens.scx
0x0000000124785000 	/Users/ao/repos/post-tonal-overtone/target/native/macosx/x86_64/RMEQSuite.scx
0x000000012478d000 	/Users/ao/repos/post-tonal-overtone/target/native/macosx/x86_64/SLUGens.scx
0x000000012479c000 	/Users/ao/repos/post-tonal-overtone/target/native/macosx/x86_64/StkUGens.scx
0x0000000124849000 	/Users/ao/repos/post-tonal-overtone/target/native/macosx/x86_64/SummerUGens.scx
0x000000012484e000 	/Users/ao/repos/post-tonal-overtone/target/native/macosx/x86_64/TagSystemUgens.scx
0x0000000124854000 	/Users/ao/repos/post-tonal-overtone/target/native/macosx/x86_64/TestUGens.scx
0x0000000124858000 	/Users/ao/repos/post-tonal-overtone/target/native/macosx/x86_64/TJUGens.scx
0x0000000124862000 	/Users/ao/repos/post-tonal-overtone/target/native/macosx/x86_64/TriggerUGens.scx
0x000000012486e000 	/Users/ao/repos/post-tonal-overtone/target/native/macosx/x86_64/UnaryOpUGens.scx
0x0000000124884000 	/Users/ao/repos/post-tonal-overtone/target/native/macosx/x86_64/UnpackFFTUGens.scx
0x0000000124890000 	/Users/ao/repos/post-tonal-overtone/target/native/macosx/x86_64/VBAP.scx
0x0000000124896000 	/Users/ao/repos/post-tonal-overtone/target/native/macosx/x86_64/VOSIM.scx

VM Arguments:
jvm_args: -Dfile.encoding=UTF-8 -XX:+TieredCompilation -XX:TieredStopAtLevel=1 -XX:-OmitStackTraceInFastThrow -Dclojure.compile.path=/Users/ao/repos/post-tonal-overtone/target/classes -Dpost_tonal_overtone.version=1.0 -Dclojure.debug=false -Djava.library.path=/Users/ao/repos/post-tonal-overtone/target/native/macosx/x86_64 
java_command: clojure.main -i /private/var/folders/s5/rc256kps77d156b1dddv2_4c0000gn/T/form-init2106416730162324988.clj
java_class_path (initial): /Users/ao/repos/post-tonal-overtone/test:/Users/ao/repos/post-tonal-overtone/src:/Users/ao/repos/post-tonal-overtone/dev-resources:/Users/ao/repos/post-tonal-overtone/resources:/Users/ao/repos/post-tonal-overtone/target/classes:/Users/ao/.m2/repository/org/apache/xmlgraphics/batik-util/1.8/batik-util-1.8.jar:/Users/ao/.m2/repository/quil/processing-js/1.6.4.0/processing-js-1.6.4.0.jar:/Users/ao/.m2/repository/org/apache/xmlgraphics/batik-svggen/1.8/batik-svggen-1.8.jar:/Users/ao/.m2/repository/quil/quil/2.6.0/quil-2.6.0.jar:/Users/ao/.m2/repository/com/lowagie/itext/2.1.7/itext-2.1.7.jar:/Users/ao/.m2/repository/overtone/scsynth-extras/3.5.7.0/scsynth-extras-3.5.7.0.jar:/Users/ao/.m2/repository/org/clojure/core.specs.alpha/0.1.24/core.specs.alpha-0.1.24.jar:/Users/ao/.m2/repository/org/apache/xmlgraphics/batik-css/1.8/batik-css-1.8.jar:/Users/ao/.m2/repository/org/clojure/clojure/1.9.0-alpha20/clojure-1.9.0-alpha20.jar:/Users/ao/.m2/repository/org/bouncycastle/bcmail-jdk14/1.38/bcmail-jdk14-1.38.jar:/Users/ao/.m2/repository/quil/processing-dxf/3.2.4/processing-dxf-3.2.4.jar:/Users/ao/.m2/repository/overtone/at-at/1.2.0/at-at-1.2.0.jar:/Users/ao/.m2/repository/org/clojure/tools.nrepl/0.2.12/tools.nrepl-0.2.12.jar:/Users/ao/.m2/repository/xml-apis/xml-apis/1.3.04/xml-apis-1.3.04.jar:/Users/ao/.m2/repository/clojure-complete/clojure-complete/0.2.4/clojure-complete-0.2.4.jar:/Users/ao/.m2/repository/xalan/xalan/2.7.0/xalan-2.7.0.jar:/Users/ao/.m2/repository/overtone/byte-spec/0.3.1/byte-spec-0.3.1.jar:/Users/ao/.m2/repository/bouncycastle/bcprov-jdk14/138/bcprov-jdk14-138.jar:/Users/ao/.m2/repository/overtone/osc-clj/0.9.0/osc-clj-0.9.0.jar:/Users/ao/.m2/repository/quil/processing-svg/3.2.4/processing-svg-3.2.4.jar:/Users/ao/.m2/repository/org/bouncycastle/bctsp-jdk14/1.38/bctsp-jdk14-1.38.jar:/Users/ao/.m2/repository/bouncycastle/bcmail-jdk14/138/bcmail-jdk14-138.jar:/Users/ao/.m2/repository/overtone/libs.handlers/0.2.0/libs.handlers-0.2.0.
Launcher Type: SUN_STANDARD

Environment Variables:
PATH=/usr/local/bin:/usr/local/sbin:/usr/local/opt/python/libexec/bin:/usr/local/opt/coreutils/libexec/gnubin:/usr/local/bin:/usr/local/opt/texinfo/bin:/usr/local/opt/gettext/bin:/Users/ao/Library/Haskell/bin:~/.cabal//bin:/usr/bin:/bin:/usr/sbin:/sbin:/usr/local/bin:/opt/X11/bin:/Library/TeX/texbin
SHELL=/bin/bash
DISPLAY=/private/tmp/com.apple.launchd.TuXoAMvz4j/org.macosforge.xquartz:0

Signal Handlers:
SIGSEGV: [libjvm.dylib+0x5b26e5], sa_mask[0]=11111111011111110111111111111111, sa_flags=SA_ONSTACK|SA_RESTART|SA_SIGINFO
SIGBUS: [libjvm.dylib+0x5b26e5], sa_mask[0]=11111111011111110111111111111111, sa_flags=SA_RESTART|SA_SIGINFO
SIGFPE: [libjvm.dylib+0x489100], sa_mask[0]=11111111011111110111111111111111, sa_flags=SA_RESTART|SA_SIGINFO
SIGPIPE: [libjvm.dylib+0x489100], sa_mask[0]=11111111011111110111111111111111, sa_flags=SA_RESTART|SA_SIGINFO
SIGXFSZ: [libjvm.dylib+0x489100], sa_mask[0]=11111111011111110111111111111111, sa_flags=SA_RESTART|SA_SIGINFO
SIGILL: [libjvm.dylib+0x489100], sa_mask[0]=11111111011111110111111111111111, sa_flags=SA_RESTART|SA_SIGINFO
SIGUSR1: SIG_DFL, sa_mask[0]=11011111011111100000000111000110, sa_flags=none
SIGUSR2: [libjvm.dylib+0x488c1e], sa_mask[0]=00100000000000000000000000000000, sa_flags=SA_RESTART|SA_SIGINFO
SIGHUP: [libjvm.dylib+0x4871f5], sa_mask[0]=11111111011111110111111111111111, sa_flags=SA_RESTART|SA_SIGINFO
SIGINT: [libjvm.dylib+0x4871f5], sa_mask[0]=11111111011111110111111111111111, sa_flags=SA_RESTART|SA_SIGINFO
SIGTERM: [libjvm.dylib+0x4871f5], sa_mask[0]=11111111011111110111111111111111, sa_flags=SA_RESTART|SA_SIGINFO
SIGQUIT: [libjvm.dylib+0x4871f5], sa_mask[0]=11111111011111110111111111111111, sa_flags=SA_RESTART|SA_SIGINFO


---------------  S Y S T E M  ---------------

OS:Bsduname:Darwin 16.7.0 Darwin Kernel Version 16.7.0: Thu Jun 15 17:36:27 PDT 2017; root:xnu-3789.70.16~2/RELEASE_X86_64 x86_64
rlimit: STACK 9788k, CORE 0k, NPROC 709, NOFILE 10240, AS infinity
load average:1.40 1.39 1.31

CPU:total 8 (initial active 8) (4 cores per cpu, 2 threads per core) family 6 model 58 stepping 9, cmov, cx8, fxsr, mmx, sse, sse2, sse3, ssse3, sse4.1, sse4.2, popcnt, avx, aes, clmul, erms, ht, tsc, tscinvbit, tscinv

Memory: 4k page, physical 8388608k(1158340k free)

/proc/meminfo:


vm_info: Java HotSpot(TM) 64-Bit Server VM (25.144-b01) for bsd-amd64 JRE (1.8.0_144-b01), built on Jul 21 2017 22:07:42 by "java_re" with gcc 4.2.1 (Based on Apple Inc. build 5658) (LLVM build 2336.11.00)

time: Thu Nov 30 10:25:56 2017
elapsed time: 74 seconds (0d 0h 1m 14s)

