#
# A fatal error has been detected by the Java Runtime Environment:
#
#  SIGSEGV (0xb) at pc=0x000000012323f57c, pid=94333, tid=0x000000000001ed0f
#
# JRE version: Java(TM) SE Runtime Environment (8.0_144-b01) (build 1.8.0_144-b01)
# Java VM: Java HotSpot(TM) 64-Bit Server VM (25.144-b01 mixed mode bsd-amd64 compressed oops)
# Problematic frame:
# C  [libscsynth.dylib+0x557c]  _ZN12SC_UdpInPortC2EP5Worldi+0x1be
#
# Failed to write core dump. Core dumps have been disabled. To enable core dumping, try "ulimit -c unlimited" before starting Java again
#
# If you would like to submit a bug report, please visit:
#   http://bugreport.java.com/bugreport/crash.jsp
# The crash happened outside the Java Virtual Machine in native code.
# See problematic frame for where to report the bug.
#

---------------  T H R E A D  ---------------

Current thread (0x00007f810637c000):  JavaThread "Thread-12" daemon [_thread_in_native, id=126223, stack(0x0000700004306000,0x0000700004406000)]

siginfo: si_signo: 11 (SIGSEGV), si_code: 1 (SEGV_MAPERR), si_addr: 0x0000000000000160

Registers:
RAX=0x0000000000000000, RBX=0x0000000000000000, RCX=0x0000000000000000, RDX=0x0000000000000000
RSP=0x0000700004404990, RBP=0x0000700004404a10, RSI=0x0000000000000003, RDI=0x0000700004818000
R8 =0x000000000001ee0f, R9 =0x0000000000000000, R10=0x000000000000002c, R11=0x0000000000000206
R12=0x0000000000000004, R13=0x0000000000000002, R14=0x00007f8106d8b000, R15=0x0000700004818000
RIP=0x000000012323f57c, EFLAGS=0x0000000000010202, ERR=0x0000000000000004
  TRAPNO=0x000000000000000e

Top of Stack: (sp=0x0000700004404990)
0x0000700004404990:   0000000000000000 0001000009cecc90
0x00007000044049a0:   00007000044049c0 00007fffc8ea6200
0x00007000044049b0:   0000000000000000 0000000000010048
0x00007000044049c0:   0000000a0000003f 00000002c7933e0e
0x00007000044049d0:   00007f8106d8b000 0000000000000000
0x00007000044049e0:   00007f8109cecc90 000000012325e614
0x00007000044049f0:   0000000000000001 0000700004405538
0x0000700004404a00:   00007f8109cecc90 000000012200e94c
0x0000700004404a10:   000000000000000a 00007000044055d0
0x0000700004404a20:   0000700004404b10 000000012200e456
0x0000700004404a30:   0000700004404a01 0000000121f9a060
0x0000700004404a40:   0000700004405200 0000700004404ac0
0x0000700004404a50:   0000000121f9a060 0000700004404ad4
0x0000700004404a60:   0000700004404ad0 0000700004404ac0
0x0000700004404a70:   0000700004405440 00007000044055d0
0x0000700004404a80:   000000012325e5f0 00007f8109cecc00
0x0000700004404a90:   0000700004404960 0000700004404a10
0x0000700004404aa0:   0000000000000002 0000000200000002
0x0000700004404ab0:   0000700004404960 000000010637c1f8
0x0000700004404ac0:   00007f8100000002 0000000000000000
0x0000700004404ad0:   0000000100000000 33baaf67d3700029
0x0000700004404ae0:   0000700004404b10 00007000044055d0
0x0000700004404af0:   00007f8109cecca0 0000000000000000
0x0000700004404b00:   00007f8109cecc00 0000000000000001
0x0000700004404b10:   0000700004405420 0000000122008a53
0x0000700004404b20:   0000700004404b60 0000000103c85cf6
0x0000700004404b30:   0000700004405420 0000000122008655
0x0000700004404b40:   0000000000000000 0000000000000000
0x0000700004404b50:   0000700004405420 0000000122008629
0x0000700004404b60:   0000000000000000 0000000000000000
0x0000700004404b70:   00000000000000da 0000000000000003
0x0000700004404b80:   0000700004404c10 00007f8109cecc20 

Instructions: (pc=0x000000012323f57c)
0x000000012323f55c:   24 3c 02 00 00 00 c7 44 24 30 3f 00 00 00 be 02
0x000000012323f56c:   00 00 00 48 8d 54 24 30 4c 89 ff e8 5c 13 07 00
0x000000012323f57c:   80 bb 60 01 00 00 00 74 15 49 8d 7e 30 31 f6 48
0x000000012323f58c:   8d 15 3e ed ff ff 4c 89 f1 e8 08 13 07 00 48 83 

Register to memory mapping:

RAX=0x0000000000000000 is an unknown value
RBX=0x0000000000000000 is an unknown value
RCX=0x0000000000000000 is an unknown value
RDX=0x0000000000000000 is an unknown value
RSP=0x0000700004404990 is pointing into the stack for thread: 0x00007f810637c000
RBP=0x0000700004404a10 is pointing into the stack for thread: 0x00007f810637c000
RSI=0x0000000000000003 is an unknown value
RDI=0x0000700004818000 is an unknown value
R8 =0x000000000001ee0f is an unknown value
R9 =0x0000000000000000 is an unknown value
R10=0x000000000000002c is an unknown value
R11=0x0000000000000206 is an unknown value
R12=0x0000000000000004 is an unknown value
R13=0x0000000000000002 is an unknown value
R14=0x00007f8106d8b000 is an unknown value
R15=0x0000700004818000 is an unknown value


Stack: [0x0000700004306000,0x0000700004406000],  sp=0x0000700004404990,  free space=1018k
Native frames: (J=compiled Java code, j=interpreted, Vv=VM code, C=native code)
C  [libscsynth.dylib+0x557c]  _ZN12SC_UdpInPortC2EP5Worldi+0x1be
C  0x00007000044055d0

Java frames: (J=compiled Java code, j=interpreted, Vv=VM code)
j  overtone.sc.machinery.server.native.lib_3b948de0_2ec9_4ac7_92c6_4f1349d99b07.World_OpenUDP(Lcom/sun/jna/Pointer;I)I+0
j  overtone.sc.machinery.server.native$eval8165$fn__8166.invoke(Ljava/lang/Object;Ljava/lang/Object;)Ljava/lang/Object;+17
j  overtone.sc.machinery.server.native$scsynth_listen_udp.invokeStatic(Ljava/lang/Object;Ljava/lang/Object;)Ljava/lang/Object;+55
j  overtone.sc.machinery.server.native$scsynth_listen_udp.invoke(Ljava/lang/Object;Ljava/lang/Object;)Ljava/lang/Object;+6
j  overtone.sc.machinery.server.connection$internal_booter.invokeStatic(Ljava/lang/Object;)Ljava/lang/Object;+201
j  overtone.sc.machinery.server.connection$internal_booter.invoke(Ljava/lang/Object;)Ljava/lang/Object;+3
j  overtone.sc.machinery.server.connection$boot_internal_server$fn__8262.invoke()Ljava/lang/Object;+15
j  clojure.lang.AFn.run()V+1
j  java.lang.Thread.run()V+11
v  ~StubRoutines::call_stub

---------------  P R O C E S S  ---------------

Java Threads: ( => current thread )
=>0x00007f810637c000 JavaThread "Thread-12" daemon [_thread_in_native, id=126223, stack(0x0000700004306000,0x0000700004406000)]
  0x00007f81063f3000 JavaThread "Java Sound MidiInDevice Thread" [_thread_in_native, id=127235, stack(0x000070000450c000,0x000070000460c000)]
  0x00007f810635d000 JavaThread "Java Sound MidiInDevice Thread" [_thread_in_native, id=126723, stack(0x0000700004409000,0x0000700004509000)]
  0x00007f8106d7a000 JavaThread "pool-3-thread-10" [_thread_blocked, id=60679, stack(0x0000700003353000,0x0000700003453000)]
  0x00007f8105962800 JavaThread "pool-2-thread-10" [_thread_blocked, id=66819, stack(0x000070000407a000,0x000070000417a000)]
  0x00007f8105961800 JavaThread "pool-2-thread-9" [_thread_blocked, id=66307, stack(0x0000700003f77000,0x0000700004077000)]
  0x00007f8105e0c800 JavaThread "pool-2-thread-8" [_thread_blocked, id=65795, stack(0x0000700003e74000,0x0000700003f74000)]
  0x00007f810583e800 JavaThread "pool-2-thread-7" [_thread_blocked, id=65283, stack(0x0000700003d71000,0x0000700003e71000)]
  0x00007f810543e000 JavaThread "pool-2-thread-6" [_thread_blocked, id=64771, stack(0x0000700003c6e000,0x0000700003d6e000)]
  0x00007f81063b1800 JavaThread "pool-2-thread-5" [_thread_blocked, id=64259, stack(0x0000700003b6b000,0x0000700003c6b000)]
  0x00007f81063f8800 JavaThread "pool-2-thread-4" [_thread_blocked, id=63747, stack(0x0000700003a68000,0x0000700003b68000)]
  0x00007f81063d9000 JavaThread "pool-2-thread-3" [_thread_blocked, id=35119, stack(0x0000700003965000,0x0000700003a65000)]
  0x00007f81063e6000 JavaThread "pool-3-thread-9" [_thread_blocked, id=4615, stack(0x00007000010e1000,0x00007000011e1000)]
  0x00007f8105457800 JavaThread "pool-3-thread-8" [_thread_blocked, id=63235, stack(0x0000700003862000,0x0000700003962000)]
  0x00007f81063a0000 JavaThread "pool-2-thread-2" [_thread_blocked, id=62723, stack(0x000070000375f000,0x000070000385f000)]
  0x00007f8105dff000 JavaThread "pool-2-thread-1" [_thread_blocked, id=62211, stack(0x000070000365c000,0x000070000375c000)]
  0x00007f810590a000 JavaThread "pool-3-thread-7" [_thread_blocked, id=61699, stack(0x0000700003559000,0x0000700003659000)]
  0x00007f810782d800 JavaThread "pool-3-thread-6" [_thread_blocked, id=61199, stack(0x0000700003456000,0x0000700003556000)]
  0x00007f810523c000 JavaThread "pool-3-thread-5" [_thread_blocked, id=27403, stack(0x0000700002cb8000,0x0000700002db8000)]
  0x00007f8106d37000 JavaThread "pool-3-thread-4" [_thread_blocked, id=60163, stack(0x0000700003250000,0x0000700003350000)]
  0x00007f810523b800 JavaThread "pool-3-thread-3" [_thread_blocked, id=59651, stack(0x000070000314d000,0x000070000324d000)]
  0x00007f810802b000 JavaThread "pool-3-thread-2" [_thread_blocked, id=59139, stack(0x000070000304a000,0x000070000314a000)]
  0x00007f8106284000 JavaThread "pool-3-thread-1" [_thread_blocked, id=37911, stack(0x0000700002bb5000,0x0000700002cb5000)]
  0x00007f8106182800 JavaThread "Java2D Disposer" daemon [_thread_blocked, id=57103, stack(0x0000700002f47000,0x0000700003047000)]
  0x00007f810590e800 JavaThread "Java2D Queue Flusher" daemon [_thread_blocked, id=32523, stack(0x0000700002dbb000,0x0000700002ebb000)]
  0x00007f81060e0000 JavaThread "nREPL-worker-1" daemon [_thread_blocked, id=23819, stack(0x0000700002ab2000,0x0000700002bb2000)]
  0x00007f810693b800 JavaThread "clojure-agent-send-off-pool-6" [_thread_blocked, id=22791, stack(0x00007000029af000,0x0000700002aaf000)]
  0x00007f81051f6000 JavaThread "clojure-agent-send-off-pool-5" [_thread_blocked, id=23339, stack(0x00007000028ac000,0x00007000029ac000)]
  0x00007f8106906000 JavaThread "AppKit Thread" daemon [_thread_in_native, id=775, stack(0x00007fff5cbc3000,0x00007fff5d552000)]
  0x00007f81051f2800 JavaThread "clojure-agent-send-off-pool-2" [_thread_in_native, id=22275, stack(0x00007000027a9000,0x00007000028a9000)]
  0x00007f8105c48800 JavaThread "clojure-agent-send-off-pool-1" [_thread_in_native, id=4103, stack(0x00007000026a6000,0x00007000027a6000)]
  0x00007f8106143800 JavaThread "clojure-agent-send-off-pool-0" [_thread_blocked, id=5127, stack(0x00007000025a3000,0x00007000026a3000)]
  0x00007f8105003800 JavaThread "Service Thread" daemon [_thread_blocked, id=21251, stack(0x000070000239d000,0x000070000249d000)]
  0x00007f810682a800 JavaThread "C1 CompilerThread3" daemon [_thread_blocked, id=20739, stack(0x000070000229a000,0x000070000239a000)]
  0x00007f810682a000 JavaThread "C2 CompilerThread2" daemon [_thread_blocked, id=20227, stack(0x0000700002197000,0x0000700002297000)]
  0x00007f810500f000 JavaThread "C2 CompilerThread1" daemon [_thread_blocked, id=19715, stack(0x0000700002094000,0x0000700002194000)]
  0x00007f810500d800 JavaThread "C2 CompilerThread0" daemon [_thread_blocked, id=19203, stack(0x0000700001f91000,0x0000700002091000)]
  0x00007f8105008800 JavaThread "Signal Dispatcher" daemon [_thread_blocked, id=18691, stack(0x0000700001e8e000,0x0000700001f8e000)]
  0x00007f8106828000 JavaThread "Finalizer" daemon [_thread_blocked, id=14595, stack(0x0000700001d8b000,0x0000700001e8b000)]
  0x00007f8106825000 JavaThread "Reference Handler" daemon [_thread_blocked, id=14083, stack(0x0000700001c88000,0x0000700001d88000)]
  0x00007f8105802000 JavaThread "main" [_thread_blocked, id=7171, stack(0x000070000126a000,0x000070000136a000)]

Other Threads:
  0x00007f8106013800 VMThread [stack: 0x0000700001b85000,0x0000700001c85000] [id=13571]
  0x00007f8105012000 WatcherThread [stack: 0x00007000024a0000,0x00007000025a0000] [id=21763]

VM state:not at safepoint (normal execution)

VM Mutex/Monitor currently owned by a thread: None

Heap:
 PSYoungGen      total 625664K, used 24836K [0x0000000795580000, 0x00000007bf900000, 0x00000007c0000000)
  eden space 569856K, 3% used [0x0000000795580000,0x0000000796722f98,0x00000007b8200000)
  from space 55808K, 12% used [0x00000007bc280000,0x00000007bc91e2f8,0x00000007bf900000)
  to   space 60928K, 0% used [0x00000007b8200000,0x00000007b8200000,0x00000007bbd80000)
 ParOldGen       total 154112K, used 58619K [0x0000000740000000, 0x0000000749680000, 0x0000000795580000)
  object space 154112K, 38% used [0x0000000740000000,0x000000074393ede0,0x0000000749680000)
 Metaspace       used 52863K, capacity 69816K, committed 70016K, reserved 1099776K
  class space    used 14004K, capacity 19751K, committed 19840K, reserved 1048576K

Card table byte_map: [0x0000000104b67000,0x0000000104f68000] byte_map_base: 0x0000000101167000

Marking Bits: (ParMarkBitMap*) 0x00000001040f35d0
 Begin Bits: [0x0000000105213000, 0x0000000107213000)
 End Bits:   [0x0000000107213000, 0x0000000109213000)

Polling page: 0x000000010276e000

CodeCache: size=245760Kb used=12049Kb max_used=12049Kb free=233710Kb
 bounds [0x000000010a8d8000, 0x000000010b4a8000, 0x00000001198d8000]
 total_blobs=5844 nmethods=5288 adapters=468
 compilation: enabled

Compilation events (10 events):
Event: 117.196 Thread 0x00007f810682a800 5299       1       java.math.BigInteger::valueOf (62 bytes)
Event: 117.196 Thread 0x00007f810682a800 nmethod 5299 0x000000010b49acd0 code [0x000000010b49ae40, 0x000000010b49b0e8]
Event: 117.196 Thread 0x00007f810682a800 5300       1       clojure.lang.Numbers$BigIntOps::combine (8 bytes)
Event: 117.196 Thread 0x00007f810682a800 nmethod 5300 0x000000010b49b250 code [0x000000010b49b3c0, 0x000000010b49b508]
Event: 117.196 Thread 0x00007f810682a800 5301       1       clojure.lang.LockingTransaction::releaseIfEnsured (31 bytes)
Event: 117.197 Thread 0x00007f810682a800 nmethod 5301 0x000000010b49b590 code [0x000000010b49b740, 0x000000010b49bab8]
Event: 117.197 Thread 0x00007f810682a800 5302   !   1       clojure.lang.LockingTransaction::tryWriteLock (34 bytes)
Event: 117.197 Thread 0x00007f810682a800 nmethod 5302 0x000000010b49bf10 code [0x000000010b49c080, 0x000000010b49c288]
Event: 117.197 Thread 0x00007f810682a800 5303       1       java.util.concurrent.locks.ReentrantReadWriteLock$WriteLock::tryLock (14 bytes)
Event: 117.197 Thread 0x00007f810682a800 nmethod 5303 0x000000010b49c4d0 code [0x000000010b49c640, 0x000000010b49c7b8]

GC Heap History (10 events):
Event: 100.036 GC heap before
{Heap before GC invocations=24 (full 3):
 PSYoungGen      total 557568K, used 499477K [0x0000000795580000, 0x00000007bc680000, 0x00000007c0000000)
  eden space 495616K, 100% used [0x0000000795580000,0x00000007b3980000,0x00000007b3980000)
  from space 61952K, 6% used [0x00000007b8a00000,0x00000007b8dc5440,0x00000007bc680000)
  to   space 72192K, 0% used [0x00000007b3980000,0x00000007b3980000,0x00000007b8000000)
 ParOldGen       total 194048K, used 113744K [0x0000000740000000, 0x000000074bd80000, 0x0000000795580000)
  object space 194048K, 58% used [0x0000000740000000,0x0000000746f14210,0x000000074bd80000)
 Metaspace       used 42398K, capacity 52782K, committed 52992K, reserved 1087488K
  class space    used 10845K, capacity 14488K, committed 14592K, reserved 1048576K
Event: 100.044 GC heap after
Heap after GC invocations=24 (full 3):
 PSYoungGen      total 567808K, used 8112K [0x0000000795580000, 0x00000007c0000000, 0x00000007c0000000)
  eden space 495616K, 0% used [0x0000000795580000,0x0000000795580000,0x00000007b3980000)
  from space 72192K, 11% used [0x00000007b3980000,0x00000007b416c010,0x00000007b8000000)
  to   space 69632K, 0% used [0x00000007bbc00000,0x00000007bbc00000,0x00000007c0000000)
 ParOldGen       total 194048K, used 113752K [0x0000000740000000, 0x000000074bd80000, 0x0000000795580000)
  object space 194048K, 58% used [0x0000000740000000,0x0000000746f16210,0x000000074bd80000)
 Metaspace       used 42398K, capacity 52782K, committed 52992K, reserved 1087488K
  class space    used 10845K, capacity 14488K, committed 14592K, reserved 1048576K
}
Event: 101.660 GC heap before
{Heap before GC invocations=25 (full 3):
 PSYoungGen      total 567808K, used 503728K [0x0000000795580000, 0x00000007c0000000, 0x00000007c0000000)
  eden space 495616K, 100% used [0x0000000795580000,0x00000007b3980000,0x00000007b3980000)
  from space 72192K, 11% used [0x00000007b3980000,0x00000007b416c010,0x00000007b8000000)
  to   space 69632K, 0% used [0x00000007bbc00000,0x00000007bbc00000,0x00000007c0000000)
 ParOldGen       total 194048K, used 113752K [0x0000000740000000, 0x000000074bd80000, 0x0000000795580000)
  object space 194048K, 58% used [0x0000000740000000,0x0000000746f16210,0x000000074bd80000)
 Metaspace       used 46256K, capacity 58572K, committed 58668K, reserved 1091584K
  class space    used 11981K, capacity 16202K, committed 16256K, reserved 1048576K
Event: 101.670 GC heap after
Heap after GC invocations=25 (full 3):
 PSYoungGen      total 616960K, used 12484K [0x0000000795580000, 0x00000007bf680000, 0x00000007c0000000)
  eden space 557056K, 0% used [0x0000000795580000,0x0000000795580000,0x00000007b7580000)
  from space 59904K, 20% used [0x00000007bbc00000,0x00000007bc8311e8,0x00000007bf680000)
  to   space 66048K, 0% used [0x00000007b7580000,0x00000007b7580000,0x00000007bb600000)
 ParOldGen       total 194048K, used 113760K [0x0000000740000000, 0x000000074bd80000, 0x0000000795580000)
  object space 194048K, 58% used [0x0000000740000000,0x0000000746f18210,0x000000074bd80000)
 Metaspace       used 46256K, capacity 58572K, committed 58668K, reserved 1091584K
  class space    used 11981K, capacity 16202K, committed 16256K, reserved 1048576K
}
Event: 101.689 GC heap before
{Heap before GC invocations=26 (full 3):
 PSYoungGen      total 616960K, used 22046K [0x0000000795580000, 0x00000007bf680000, 0x00000007c0000000)
  eden space 557056K, 1% used [0x0000000795580000,0x0000000795ed6800,0x00000007b7580000)
  from space 59904K, 20% used [0x00000007bbc00000,0x00000007bc8311e8,0x00000007bf680000)
  to   space 66048K, 0% used [0x00000007b7580000,0x00000007b7580000,0x00000007bb600000)
 ParOldGen       total 194048K, used 113760K [0x0000000740000000, 0x000000074bd80000, 0x0000000795580000)
  object space 194048K, 58% used [0x0000000740000000,0x0000000746f18210,0x000000074bd80000)
 Metaspace       used 46288K, capacity 58622K, committed 58668K, reserved 1091584K
  class space    used 11986K, capacity 16212K, committed 16256K, reserved 1048576K
Event: 101.696 GC heap after
Heap after GC invocations=26 (full 3):
 PSYoungGen      total 623104K, used 12336K [0x0000000795580000, 0x00000007c0000000, 0x00000007c0000000)
  eden space 557056K, 0% used [0x0000000795580000,0x0000000795580000,0x00000007b7580000)
  from space 66048K, 18% used [0x00000007b7580000,0x00000007b818c010,0x00000007bb600000)
  to   space 62976K, 0% used [0x00000007bc280000,0x00000007bc280000,0x00000007c0000000)
 ParOldGen       total 194048K, used 113760K [0x0000000740000000, 0x000000074bd80000, 0x0000000795580000)
  object space 194048K, 58% used [0x0000000740000000,0x0000000746f18210,0x000000074bd80000)
 Metaspace       used 46288K, capacity 58622K, committed 58668K, reserved 1091584K
  class space    used 11986K, capacity 16212K, committed 16256K, reserved 1048576K
}
Event: 101.696 GC heap before
{Heap before GC invocations=27 (full 4):
 PSYoungGen      total 623104K, used 12336K [0x0000000795580000, 0x00000007c0000000, 0x00000007c0000000)
  eden space 557056K, 0% used [0x0000000795580000,0x0000000795580000,0x00000007b7580000)
  from space 66048K, 18% used [0x00000007b7580000,0x00000007b818c010,0x00000007bb600000)
  to   space 62976K, 0% used [0x00000007bc280000,0x00000007bc280000,0x00000007c0000000)
 ParOldGen       total 194048K, used 113760K [0x0000000740000000, 0x000000074bd80000, 0x0000000795580000)
  object space 194048K, 58% used [0x0000000740000000,0x0000000746f18210,0x000000074bd80000)
 Metaspace       used 46288K, capacity 58622K, committed 58668K, reserved 1091584K
  class space    used 11986K, capacity 16212K, committed 16256K, reserved 1048576K
Event: 101.806 GC heap after
Heap after GC invocations=27 (full 4):
 PSYoungGen      total 623104K, used 0K [0x0000000795580000, 0x00000007c0000000, 0x00000007c0000000)
  eden space 557056K, 0% used [0x0000000795580000,0x0000000795580000,0x00000007b7580000)
  from space 66048K, 0% used [0x00000007b7580000,0x00000007b7580000,0x00000007bb600000)
  to   space 62976K, 0% used [0x00000007bc280000,0x00000007bc280000,0x00000007c0000000)
 ParOldGen       total 154112K, used 58611K [0x0000000740000000, 0x0000000749680000, 0x0000000795580000)
  object space 154112K, 38% used [0x0000000740000000,0x000000074393cde0,0x0000000749680000)
 Metaspace       used 46288K, capacity 58622K, committed 58668K, reserved 1091584K
  class space    used 11986K, capacity 16212K, committed 16256K, reserved 1048576K
}
Event: 108.579 GC heap before
{Heap before GC invocations=28 (full 4):
 PSYoungGen      total 623104K, used 557056K [0x0000000795580000, 0x00000007c0000000, 0x00000007c0000000)
  eden space 557056K, 100% used [0x0000000795580000,0x00000007b7580000,0x00000007b7580000)
  from space 66048K, 0% used [0x00000007b7580000,0x00000007b7580000,0x00000007bb600000)
  to   space 62976K, 0% used [0x00000007bc280000,0x00000007bc280000,0x00000007c0000000)
 ParOldGen       total 154112K, used 58611K [0x0000000740000000, 0x0000000749680000, 0x0000000795580000)
  object space 154112K, 38% used [0x0000000740000000,0x000000074393cde0,0x0000000749680000)
 Metaspace       used 52804K, capacity 69706K, committed 70016K, reserved 1099776K
  class space    used 13997K, capacity 19717K, committed 19840K, reserved 1048576K
Event: 108.586 GC heap after
Heap after GC invocations=28 (full 4):
 PSYoungGen      total 625664K, used 6776K [0x0000000795580000, 0x00000007bf900000, 0x00000007c0000000)
  eden space 569856K, 0% used [0x0000000795580000,0x0000000795580000,0x00000007b8200000)
  from space 55808K, 12% used [0x00000007bc280000,0x00000007bc91e2f8,0x00000007bf900000)
  to   space 60928K, 0% used [0x00000007b8200000,0x00000007b8200000,0x00000007bbd80000)
 ParOldGen       total 154112K, used 58619K [0x0000000740000000, 0x0000000749680000, 0x0000000795580000)
  object space 154112K, 38% used [0x0000000740000000,0x000000074393ede0,0x0000000749680000)
 Metaspace       used 52804K, capacity 69706K, committed 70016K, reserved 1099776K
  class space    used 13997K, capacity 19717K, committed 19840K, reserved 1048576K
}

Deoptimization events (0 events):
No events

Internal exceptions (10 events):
Event: 89.624 Thread 0x00007f81051f6000 Exception <a 'java/lang/ClassNotFoundException': > (0x00000007a5fd8770) thrown at [/Users/java_re/workspace/8-2-build-macosx-x86_64/jdk8u144/9417/hotspot/src/share/vm/prims/jni.cpp, line 735]
Event: 89.624 Thread 0x00007f81051f6000 Exception <a 'java/lang/ClassNotFoundException': > (0x00000007a5fd9818) thrown at [/Users/java_re/workspace/8-2-build-macosx-x86_64/jdk8u144/9417/hotspot/src/share/vm/prims/jni.cpp, line 735]
Event: 89.624 Thread 0x00007f81051f6000 Exception <a 'java/lang/ClassNotFoundException': > (0x00000007a5fda540) thrown at [/Users/java_re/workspace/8-2-build-macosx-x86_64/jdk8u144/9417/hotspot/src/share/vm/prims/jni.cpp, line 735]
Event: 89.624 Thread 0x00007f81051f6000 Exception <a 'java/lang/ClassNotFoundException': > (0x00000007a5fdb4d8) thrown at [/Users/java_re/workspace/8-2-build-macosx-x86_64/jdk8u144/9417/hotspot/src/share/vm/prims/jni.cpp, line 735]
Event: 89.624 Thread 0x00007f81051f6000 Exception <a 'java/lang/ClassNotFoundException': > (0x00000007a5fdc0a0) thrown at [/Users/java_re/workspace/8-2-build-macosx-x86_64/jdk8u144/9417/hotspot/src/share/vm/prims/jni.cpp, line 735]
Event: 89.624 Thread 0x00007f81051f6000 Exception <a 'java/lang/ClassNotFoundException': > (0x00000007a5fdcc68) thrown at [/Users/java_re/workspace/8-2-build-macosx-x86_64/jdk8u144/9417/hotspot/src/share/vm/prims/jni.cpp, line 735]
Event: 89.624 Thread 0x00007f81051f6000 Exception <a 'java/lang/ClassNotFoundException': > (0x00000007a5fddbd8) thrown at [/Users/java_re/workspace/8-2-build-macosx-x86_64/jdk8u144/9417/hotspot/src/share/vm/prims/jni.cpp, line 735]
Event: 89.624 Thread 0x00007f81051f6000 Exception <a 'java/lang/ClassNotFoundException': > (0x00000007a5fdea10) thrown at [/Users/java_re/workspace/8-2-build-macosx-x86_64/jdk8u144/9417/hotspot/src/share/vm/prims/jni.cpp, line 735]
Event: 89.639 Thread 0x00007f81051f6000 Exception <a 'java/lang/ClassCastException'> (0x00000007a5ff9b58) thrown at [/Users/java_re/workspace/8-2-build-macosx-x86_64/jdk8u144/9417/hotspot/src/share/vm/runtime/sharedRuntime.cpp, line 605]
Event: 96.666 Thread 0x00007f81060e0000 Exception <a 'java/io/IOException'> (0x00000007a08c8930) thrown at [/Users/java_re/workspace/8-2-build-macosx-x86_64/jdk8u144/9417/hotspot/src/share/vm/prims/jni.cpp, line 709]

Events (10 events):
Event: 109.163 loading class com/sun/jna/NativeString
Event: 109.163 loading class com/sun/jna/NativeString done
Event: 110.239 Thread 0x00007f8105054800 Thread added: 0x00007f8105054800
Event: 111.240 Executing VM operation: RevokeBias
Event: 111.241 Executing VM operation: RevokeBias done
Event: 111.241 Thread 0x00007f8105054800 Thread exited: 0x00007f8105054800
Event: 115.732 Thread 0x00007f81052b2000 Thread added: 0x00007f81052b2000
Event: 116.734 Executing VM operation: RevokeBias
Event: 116.734 Executing VM operation: RevokeBias done
Event: 116.734 Thread 0x00007f81052b2000 Thread exited: 0x00007f81052b2000


Dynamic libraries:
0x000000003dbfc000 	/System/Library/Frameworks/Cocoa.framework/Versions/A/Cocoa
0x000000003dbfc000 	/System/Library/Frameworks/Security.framework/Versions/A/Security
0x000000003dbfc000 	/System/Library/Frameworks/ApplicationServices.framework/Versions/A/ApplicationServices
0x000000003dbfc000 	/usr/lib/libz.1.dylib
0x000000003dbfc000 	/usr/lib/libSystem.B.dylib
0x000000003dbfc000 	/usr/lib/libobjc.A.dylib
0x000000003dbfc000 	/System/Library/Frameworks/CoreFoundation.framework/Versions/A/CoreFoundation
0x000000003dbfc000 	/System/Library/Frameworks/Foundation.framework/Versions/C/Foundation
0x000000003dbfc000 	/System/Library/Frameworks/AppKit.framework/Versions/C/AppKit
0x000000003dbfc000 	/System/Library/Frameworks/CoreData.framework/Versions/A/CoreData
0x000000003dbfc000 	/System/Library/PrivateFrameworks/RemoteViewServices.framework/Versions/A/RemoteViewServices
0x000000003dbfc000 	/System/Library/PrivateFrameworks/UIFoundation.framework/Versions/A/UIFoundation
0x000000003dbfc000 	/System/Library/PrivateFrameworks/DFRFoundation.framework/Versions/A/DFRFoundation
0x000000003dbfc000 	/usr/lib/libenergytrace.dylib
0x000000003dbfc000 	/System/Library/PrivateFrameworks/SkyLight.framework/Versions/A/SkyLight
0x000000003dbfc000 	/System/Library/Frameworks/CoreGraphics.framework/Versions/A/CoreGraphics
0x000000003dbfc000 	/usr/lib/libScreenReader.dylib
0x000000003dbfc000 	/System/Library/Frameworks/Accelerate.framework/Versions/A/Accelerate
0x000000003dbfc000 	/System/Library/Frameworks/IOSurface.framework/Versions/A/IOSurface
0x000000003dbfc000 	/System/Library/Frameworks/AudioToolbox.framework/Versions/A/AudioToolbox
0x000000003dbfc000 	/System/Library/Frameworks/AudioUnit.framework/Versions/A/AudioUnit
0x000000003dbfc000 	/System/Library/PrivateFrameworks/DataDetectorsCore.framework/Versions/A/DataDetectorsCore
0x000000003dbfc000 	/System/Library/PrivateFrameworks/DesktopServicesPriv.framework/Versions/A/DesktopServicesPriv
0x000000003dbfc000 	/System/Library/Frameworks/Carbon.framework/Versions/A/Frameworks/HIToolbox.framework/Versions/A/HIToolbox
0x000000003dbfc000 	/usr/lib/libicucore.A.dylib
0x000000003dbfc000 	/System/Library/Frameworks/QuartzCore.framework/Versions/A/QuartzCore
0x000000003dbfc000 	/System/Library/Frameworks/Carbon.framework/Versions/A/Frameworks/SpeechRecognition.framework/Versions/A/SpeechRecognition
0x000000003dbfc000 	/usr/lib/libauto.dylib
0x000000003dbfc000 	/usr/lib/libxml2.2.dylib
0x000000003dbfc000 	/System/Library/PrivateFrameworks/CoreUI.framework/Versions/A/CoreUI
0x000000003dbfc000 	/System/Library/Frameworks/CoreAudio.framework/Versions/A/CoreAudio
0x000000003dbfc000 	/System/Library/Frameworks/DiskArbitration.framework/Versions/A/DiskArbitration
0x000000003dbfc000 	/usr/lib/liblangid.dylib
0x000000003dbfc000 	/System/Library/PrivateFrameworks/MultitouchSupport.framework/Versions/A/MultitouchSupport
0x000000003dbfc000 	/System/Library/Frameworks/IOKit.framework/Versions/A/IOKit
0x000000003dbfc000 	/usr/lib/libDiagnosticMessagesClient.dylib
0x000000003dbfc000 	/System/Library/Frameworks/CoreServices.framework/Versions/A/CoreServices
0x000000003dbfc000 	/System/Library/PrivateFrameworks/PerformanceAnalysis.framework/Versions/A/PerformanceAnalysis
0x000000003dbfc000 	/System/Library/PrivateFrameworks/GenerationalStorage.framework/Versions/A/GenerationalStorage
0x000000003dbfc000 	/System/Library/Frameworks/OpenGL.framework/Versions/A/OpenGL
0x000000003dbfc000 	/System/Library/Frameworks/CoreImage.framework/Versions/A/CoreImage
0x000000003dbfc000 	/System/Library/Frameworks/CoreText.framework/Versions/A/CoreText
0x000000003dbfc000 	/System/Library/Frameworks/ImageIO.framework/Versions/A/ImageIO
0x000000003dbfc000 	/System/Library/PrivateFrameworks/Backup.framework/Versions/A/Backup
0x000000003dbfc000 	/usr/lib/libarchive.2.dylib
0x000000003dbfc000 	/System/Library/Frameworks/CFNetwork.framework/Versions/A/CFNetwork
0x000000003dbfc000 	/System/Library/Frameworks/SystemConfiguration.framework/Versions/A/SystemConfiguration
0x000000003dbfc000 	/usr/lib/libCRFSuite.dylib
0x000000003dbfc000 	/usr/lib/libc++.1.dylib
0x000000003dbfc000 	/usr/lib/libc++abi.dylib
0x000000003dbfc000 	/usr/lib/system/libcache.dylib
0x000000003dbfc000 	/usr/lib/system/libcommonCrypto.dylib
0x000000003dbfc000 	/usr/lib/system/libcompiler_rt.dylib
0x000000003dbfc000 	/usr/lib/system/libcopyfile.dylib
0x000000003dbfc000 	/usr/lib/system/libcorecrypto.dylib
0x000000003dbfc000 	/usr/lib/system/libdispatch.dylib
0x000000003dbfc000 	/usr/lib/system/libdyld.dylib
0x000000003dbfc000 	/usr/lib/system/libkeymgr.dylib
0x000000003dbfc000 	/usr/lib/system/liblaunch.dylib
0x000000003dbfc000 	/usr/lib/system/libmacho.dylib
0x000000003dbfc000 	/usr/lib/system/libquarantine.dylib
0x000000003dbfc000 	/usr/lib/system/libremovefile.dylib
0x000000003dbfc000 	/usr/lib/system/libsystem_asl.dylib
0x000000003dbfc000 	/usr/lib/system/libsystem_blocks.dylib
0x000000003dbfc000 	/usr/lib/system/libsystem_c.dylib
0x000000003dbfc000 	/usr/lib/system/libsystem_configuration.dylib
0x000000003dbfc000 	/usr/lib/system/libsystem_coreservices.dylib
0x000000003dbfc000 	/usr/lib/system/libsystem_coretls.dylib
0x000000003dbfc000 	/usr/lib/system/libsystem_dnssd.dylib
0x000000003dbfc000 	/usr/lib/system/libsystem_info.dylib
0x000000003dbfc000 	/usr/lib/system/libsystem_kernel.dylib
0x000000003dbfc000 	/usr/lib/system/libsystem_m.dylib
0x000000003dbfc000 	/usr/lib/system/libsystem_malloc.dylib
0x000000003dbfc000 	/usr/lib/system/libsystem_network.dylib
0x000000003dbfc000 	/usr/lib/system/libsystem_networkextension.dylib
0x000000003dbfc000 	/usr/lib/system/libsystem_notify.dylib
0x000000003dbfc000 	/usr/lib/system/libsystem_platform.dylib
0x000000003dbfc000 	/usr/lib/system/libsystem_pthread.dylib
0x000000003dbfc000 	/usr/lib/system/libsystem_sandbox.dylib
0x000000003dbfc000 	/usr/lib/system/libsystem_secinit.dylib
0x000000003dbfc000 	/usr/lib/system/libsystem_symptoms.dylib
0x000000003dbfc000 	/usr/lib/system/libsystem_trace.dylib
0x000000003dbfc000 	/usr/lib/system/libunwind.dylib
0x000000003dbfc000 	/usr/lib/system/libxpc.dylib
0x000000003dbfc000 	/usr/lib/libbsm.0.dylib
0x000000003dbfc000 	/usr/lib/system/libkxld.dylib
0x000000003dbfc000 	/usr/lib/libcoretls.dylib
0x000000003dbfc000 	/usr/lib/libcoretls_cfhelpers.dylib
0x000000003dbfc000 	/usr/lib/libOpenScriptingUtil.dylib
0x000000003dbfc000 	/usr/lib/libpam.2.dylib
0x000000003dbfc000 	/usr/lib/libsqlite3.dylib
0x000000003dbfc000 	/usr/lib/libxar.1.dylib
0x000000003dbfc000 	/usr/lib/libbz2.1.0.dylib
0x000000003dbfc000 	/usr/lib/liblzma.5.dylib
0x000000003dbfc000 	/usr/lib/libnetwork.dylib
0x000000003dbfc000 	/usr/lib/libpcap.A.dylib
0x000000003dbfc000 	/System/Library/Frameworks/CoreServices.framework/Versions/A/Frameworks/FSEvents.framework/Versions/A/FSEvents
0x000000003dbfc000 	/System/Library/Frameworks/CoreServices.framework/Versions/A/Frameworks/CarbonCore.framework/Versions/A/CarbonCore
0x000000003dbfc000 	/System/Library/Frameworks/CoreServices.framework/Versions/A/Frameworks/Metadata.framework/Versions/A/Metadata
0x000000003dbfc000 	/System/Library/Frameworks/CoreServices.framework/Versions/A/Frameworks/OSServices.framework/Versions/A/OSServices
0x000000003dbfc000 	/System/Library/Frameworks/CoreServices.framework/Versions/A/Frameworks/SearchKit.framework/Versions/A/SearchKit
0x000000003dbfc000 	/System/Library/Frameworks/CoreServices.framework/Versions/A/Frameworks/AE.framework/Versions/A/AE
0x000000003dbfc000 	/System/Library/Frameworks/CoreServices.framework/Versions/A/Frameworks/LaunchServices.framework/Versions/A/LaunchServices
0x000000003dbfc000 	/System/Library/Frameworks/CoreServices.framework/Versions/A/Frameworks/DictionaryServices.framework/Versions/A/DictionaryServices
0x000000003dbfc000 	/System/Library/Frameworks/CoreServices.framework/Versions/A/Frameworks/SharedFileList.framework/Versions/A/SharedFileList
0x000000003dbfc000 	/System/Library/Frameworks/NetFS.framework/Versions/A/NetFS
0x000000003dbfc000 	/System/Library/PrivateFrameworks/NetAuth.framework/Versions/A/NetAuth
0x000000003dbfc000 	/System/Library/PrivateFrameworks/login.framework/Versions/A/Frameworks/loginsupport.framework/Versions/A/loginsupport
0x000000003dbfc000 	/System/Library/PrivateFrameworks/TCC.framework/Versions/A/TCC
0x000000003dbfc000 	/usr/lib/libmecabra.dylib
0x000000003dbfc000 	/System/Library/Frameworks/ApplicationServices.framework/Versions/A/Frameworks/ATS.framework/Versions/A/ATS
0x000000003dbfc000 	/System/Library/Frameworks/ApplicationServices.framework/Versions/A/Frameworks/ColorSync.framework/Versions/A/ColorSync
0x000000003dbfc000 	/System/Library/Frameworks/ApplicationServices.framework/Versions/A/Frameworks/HIServices.framework/Versions/A/HIServices
0x000000003dbfc000 	/System/Library/Frameworks/ApplicationServices.framework/Versions/A/Frameworks/LangAnalysis.framework/Versions/A/LangAnalysis
0x000000003dbfc000 	/System/Library/Frameworks/ApplicationServices.framework/Versions/A/Frameworks/PrintCore.framework/Versions/A/PrintCore
0x000000003dbfc000 	/System/Library/Frameworks/ApplicationServices.framework/Versions/A/Frameworks/QD.framework/Versions/A/QD
0x000000003dbfc000 	/System/Library/Frameworks/ApplicationServices.framework/Versions/A/Frameworks/SpeechSynthesis.framework/Versions/A/SpeechSynthesis
0x000000003dbfc000 	/System/Library/Frameworks/Accelerate.framework/Versions/A/Frameworks/vImage.framework/Versions/A/vImage
0x000000003dbfc000 	/System/Library/Frameworks/Accelerate.framework/Versions/A/Frameworks/vecLib.framework/Versions/A/vecLib
0x000000003dbfc000 	/System/Library/Frameworks/Accelerate.framework/Versions/A/Frameworks/vecLib.framework/Versions/A/libvDSP.dylib
0x000000003dbfc000 	/System/Library/Frameworks/Accelerate.framework/Versions/A/Frameworks/vecLib.framework/Versions/A/libBNNS.dylib
0x000000003dbfc000 	/System/Library/Frameworks/Accelerate.framework/Versions/A/Frameworks/vecLib.framework/Versions/A/libQuadrature.dylib
0x000000003dbfc000 	/System/Library/Frameworks/Accelerate.framework/Versions/A/Frameworks/vecLib.framework/Versions/A/libvMisc.dylib
0x000000003dbfc000 	/System/Library/Frameworks/Accelerate.framework/Versions/A/Frameworks/vecLib.framework/Versions/A/libLAPACK.dylib
0x000000003dbfc000 	/System/Library/Frameworks/Accelerate.framework/Versions/A/Frameworks/vecLib.framework/Versions/A/libBLAS.dylib
0x000000003dbfc000 	/System/Library/Frameworks/Accelerate.framework/Versions/A/Frameworks/vecLib.framework/Versions/A/libLinearAlgebra.dylib
0x000000003dbfc000 	/System/Library/Frameworks/Accelerate.framework/Versions/A/Frameworks/vecLib.framework/Versions/A/libSparseBLAS.dylib
0x000000003dbfc000 	/System/Library/Frameworks/ApplicationServices.framework/Versions/A/Frameworks/ATS.framework/Versions/A/Resources/libFontParser.dylib
0x000000003dbfc000 	/System/Library/Frameworks/ApplicationServices.framework/Versions/A/Frameworks/ATS.framework/Versions/A/Resources/libFontRegistry.dylib
0x000000003dbfc000 	/System/Library/Frameworks/ImageIO.framework/Versions/A/Resources/libJPEG.dylib
0x000000003dbfc000 	/System/Library/Frameworks/ImageIO.framework/Versions/A/Resources/libTIFF.dylib
0x000000003dbfc000 	/System/Library/Frameworks/ImageIO.framework/Versions/A/Resources/libPng.dylib
0x000000003dbfc000 	/System/Library/Frameworks/ImageIO.framework/Versions/A/Resources/libGIF.dylib
0x000000003dbfc000 	/System/Library/Frameworks/ImageIO.framework/Versions/A/Resources/libJP2.dylib
0x000000003dbfc000 	/System/Library/Frameworks/ImageIO.framework/Versions/A/Resources/libRadiance.dylib
0x000000003dbfc000 	/usr/lib/libcompression.dylib
0x000000003dbfc000 	/System/Library/PrivateFrameworks/AppleJPEG.framework/Versions/A/AppleJPEG
0x000000003dbfc000 	/usr/lib/libcups.2.dylib
0x000000003dbfc000 	/System/Library/Frameworks/Kerberos.framework/Versions/A/Kerberos
0x000000003dbfc000 	/System/Library/Frameworks/GSS.framework/Versions/A/GSS
0x000000003dbfc000 	/usr/lib/libresolv.9.dylib
0x000000003dbfc000 	/usr/lib/libiconv.2.dylib
0x000000003dbfc000 	/System/Library/PrivateFrameworks/Heimdal.framework/Versions/A/Heimdal
0x000000003dbfc000 	/usr/lib/libheimdal-asn1.dylib
0x000000003dbfc000 	/System/Library/Frameworks/OpenDirectory.framework/Versions/A/OpenDirectory
0x000000003dbfc000 	/System/Library/PrivateFrameworks/CommonAuth.framework/Versions/A/CommonAuth
0x000000003dbfc000 	/System/Library/Frameworks/OpenDirectory.framework/Versions/A/Frameworks/CFOpenDirectory.framework/Versions/A/CFOpenDirectory
0x000000003dbfc000 	/System/Library/Frameworks/SecurityFoundation.framework/Versions/A/SecurityFoundation
0x000000003dbfc000 	/System/Library/PrivateFrameworks/LanguageModeling.framework/Versions/A/LanguageModeling
0x000000003dbfc000 	/usr/lib/libmarisa.dylib
0x000000003dbfc000 	/usr/lib/libChineseTokenizer.dylib
0x000000003dbfc000 	/usr/lib/libcmph.dylib
0x000000003dbfc000 	/System/Library/PrivateFrameworks/CoreEmoji.framework/Versions/A/CoreEmoji
0x000000003dbfc000 	/System/Library/Frameworks/ServiceManagement.framework/Versions/A/ServiceManagement
0x000000003dbfc000 	/usr/lib/libxslt.1.dylib
0x000000003dbfc000 	/System/Library/Frameworks/Carbon.framework/Versions/A/Frameworks/Ink.framework/Versions/A/Ink
0x000000003dbfc000 	/System/Library/PrivateFrameworks/TextureIO.framework/Versions/A/TextureIO
0x000000003dbfc000 	/System/Library/Frameworks/Metal.framework/Versions/A/Metal
0x000000003dbfc000 	/usr/lib/libate.dylib
0x000000003dbfc000 	/System/Library/PrivateFrameworks/GPUCompiler.framework/libmetal_timestamp.dylib
0x000000003dbfc000 	/System/Library/Frameworks/OpenGL.framework/Versions/A/Libraries/libCoreFSCache.dylib
0x000000003dbfc000 	/System/Library/PrivateFrameworks/IOAccelerator.framework/Versions/A/IOAccelerator
0x000000003dbfc000 	/System/Library/Frameworks/CoreVideo.framework/Versions/A/CoreVideo
0x000000003dbfc000 	/usr/lib/libFosl_dynamic.dylib
0x000000003dbfc000 	/System/Library/PrivateFrameworks/MetalPerformanceShaders.framework/Versions/A/MetalPerformanceShaders
0x000000003dbfc000 	/System/Library/PrivateFrameworks/FaceCore.framework/Versions/A/FaceCore
0x000000003dbfc000 	/System/Library/Frameworks/OpenCL.framework/Versions/A/OpenCL
0x000000003dbfc000 	/System/Library/Frameworks/OpenGL.framework/Versions/A/Libraries/libGLU.dylib
0x000000003dbfc000 	/System/Library/Frameworks/OpenGL.framework/Versions/A/Libraries/libGFXShared.dylib
0x000000003dbfc000 	/System/Library/Frameworks/OpenGL.framework/Versions/A/Libraries/libGL.dylib
0x000000003dbfc000 	/System/Library/Frameworks/OpenGL.framework/Versions/A/Libraries/libGLImage.dylib
0x000000003dbfc000 	/System/Library/Frameworks/OpenGL.framework/Versions/A/Libraries/libCVMSPluginSupport.dylib
0x000000003dbfc000 	/System/Library/Frameworks/OpenGL.framework/Versions/A/Libraries/libCoreVMClient.dylib
0x000000003dbfc000 	/System/Library/PrivateFrameworks/CrashReporterSupport.framework/Versions/A/CrashReporterSupport
0x000000003dbfc000 	/System/Library/PrivateFrameworks/Sharing.framework/Versions/A/Sharing
0x000000003dbfc000 	/System/Library/PrivateFrameworks/IconServices.framework/Versions/A/IconServices
0x000000003dbfc000 	/System/Library/PrivateFrameworks/ProtocolBuffer.framework/Versions/A/ProtocolBuffer
0x000000003dbfc000 	/System/Library/PrivateFrameworks/Apple80211.framework/Versions/A/Apple80211
0x000000003dbfc000 	/System/Library/Frameworks/CoreWLAN.framework/Versions/A/CoreWLAN
0x000000003dbfc000 	/System/Library/PrivateFrameworks/CoreUtils.framework/Versions/A/CoreUtils
0x000000003dbfc000 	/System/Library/Frameworks/IOBluetooth.framework/Versions/A/IOBluetooth
0x000000003dbfc000 	/System/Library/PrivateFrameworks/CoreWiFi.framework/Versions/A/CoreWiFi
0x000000003dbfc000 	/System/Library/Frameworks/CoreBluetooth.framework/Versions/A/CoreBluetooth
0x000000003dbfc000 	/System/Library/Frameworks/CoreDisplay.framework/Versions/A/CoreDisplay
0x000000003dbfc000 	/System/Library/PrivateFrameworks/IOPresentment.framework/Versions/A/IOPresentment
0x000000003dbfc000 	/System/Library/PrivateFrameworks/DSExternalDisplay.framework/Versions/A/DSExternalDisplay
0x000000003dbfc000 	/System/Library/PrivateFrameworks/DebugSymbols.framework/Versions/A/DebugSymbols
0x000000003dbfc000 	/System/Library/PrivateFrameworks/CoreSymbolication.framework/Versions/A/CoreSymbolication
0x000000003dbfc000 	/System/Library/PrivateFrameworks/Symbolication.framework/Versions/A/Symbolication
0x000000003dbfc000 	/System/Library/PrivateFrameworks/AppleFSCompression.framework/Versions/A/AppleFSCompression
0x000000003dbfc000 	/System/Library/PrivateFrameworks/SpeechRecognitionCore.framework/Versions/A/SpeechRecognitionCore
0x000000003dbfc000 	/System/Library/PrivateFrameworks/ChunkingLibrary.framework/Versions/A/ChunkingLibrary
0x0000000103800000 	/Library/Java/JavaVirtualMachines/jdk1.8.0_144.jdk/Contents/Home/jre/lib/server/libjvm.dylib
0x000000003dbfc000 	/usr/lib/libstdc++.6.dylib
0x000000010272b000 	/Library/Java/JavaVirtualMachines/jdk1.8.0_144.jdk/Contents/Home/jre/lib/libverify.dylib
0x0000000102739000 	/Library/Java/JavaVirtualMachines/jdk1.8.0_144.jdk/Contents/Home/jre/lib/libjava.dylib
0x0000000102778000 	/Library/Java/JavaVirtualMachines/jdk1.8.0_144.jdk/Contents/Home/jre/lib/libzip.dylib
0x000000011adb8000 	/System/Library/Frameworks/JavaVM.framework/Frameworks/JavaRuntimeSupport.framework/JavaRuntimeSupport
0x000000011add2000 	/System/Library/Frameworks/JavaVM.framework/Versions/A/Frameworks/JavaNativeFoundation.framework/Versions/A/JavaNativeFoundation
0x00000001027f2000 	/System/Library/Frameworks/JavaVM.framework/Versions/A/JavaVM
0x000000003dbfc000 	/System/Library/Frameworks/Carbon.framework/Versions/A/Carbon
0x000000010a83b000 	/System/Library/PrivateFrameworks/JavaLaunching.framework/Versions/A/JavaLaunching
0x000000003dbfc000 	/System/Library/Frameworks/Carbon.framework/Versions/A/Frameworks/CommonPanels.framework/Versions/A/CommonPanels
0x000000003dbfc000 	/System/Library/Frameworks/Carbon.framework/Versions/A/Frameworks/Help.framework/Versions/A/Help
0x000000003dbfc000 	/System/Library/Frameworks/Carbon.framework/Versions/A/Frameworks/ImageCapture.framework/Versions/A/ImageCapture
0x000000003dbfc000 	/System/Library/Frameworks/Carbon.framework/Versions/A/Frameworks/OpenScripting.framework/Versions/A/OpenScripting
0x000000003dbfc000 	/System/Library/Frameworks/Carbon.framework/Versions/A/Frameworks/Print.framework/Versions/A/Print
0x000000003dbfc000 	/System/Library/Frameworks/Carbon.framework/Versions/A/Frameworks/SecurityHI.framework/Versions/A/SecurityHI
0x000000011d3a6000 	/Library/Java/JavaVirtualMachines/jdk1.8.0_144.jdk/Contents/Home/jre/lib/libnet.dylib
0x000000011e052000 	/Library/Java/JavaVirtualMachines/jdk1.8.0_144.jdk/Contents/Home/jre/lib/libawt.dylib
0x000000011e0fa000 	/Library/Java/JavaVirtualMachines/jdk1.8.0_144.jdk/Contents/Home/jre/lib/./libmlib_image.dylib
0x000000011e1c6000 	/Library/Java/JavaVirtualMachines/jdk1.8.0_144.jdk/Contents/Home/jre/lib/libawt_lwawt.dylib
0x000000011e27d000 	/Library/Java/JavaVirtualMachines/jdk1.8.0_144.jdk/Contents/Home/jre/lib/./libosxapp.dylib
0x000000003dbfc000 	/System/Library/Frameworks/ExceptionHandling.framework/Versions/A/ExceptionHandling
0x000000003dbfc000 	/System/Library/PrivateFrameworks/CoreServicesInternal.framework/Versions/A/CoreServicesInternal
0x000000003dbfc000 	/System/Library/CoreServices/RawCamera.bundle/Contents/MacOS/RawCamera
0x000000003dbfc000 	/System/Library/Frameworks/Accelerate.framework/Versions/A/Frameworks/vImage.framework/Versions/A/Libraries/libCGInterfaces.dylib
0x000000003dbfc000 	/System/Library/PrivateFrameworks/FamilyControls.framework/Versions/A/FamilyControls
0x000000003dbfc000 	/System/Library/PrivateFrameworks/CommerceKit.framework/Versions/A/Frameworks/CommerceCore.framework/Versions/A/CommerceCore
0x000000003dbfc000 	/System/Library/PrivateFrameworks/SystemAdministration.framework/Versions/A/SystemAdministration
0x000000003dbfc000 	/System/Library/PrivateFrameworks/AppContainer.framework/Versions/A/AppContainer
0x000000003dbfc000 	/System/Library/PrivateFrameworks/SecCodeWrapper.framework/Versions/A/SecCodeWrapper
0x000000003dbfc000 	/System/Library/Frameworks/DirectoryService.framework/Versions/A/DirectoryService
0x000000003dbfc000 	/System/Library/PrivateFrameworks/DiskImages.framework/Versions/A/DiskImages
0x000000003dbfc000 	/System/Library/PrivateFrameworks/LoginUIKit.framework/Versions/A/Frameworks/LoginUICore.framework/Versions/A/LoginUICore
0x000000003dbfc000 	/usr/lib/libCoreStorage.dylib
0x000000003dbfc000 	/usr/lib/libcsfde.dylib
0x000000003dbfc000 	/usr/lib/libodfde.dylib
0x000000003dbfc000 	/System/Library/Frameworks/DiscRecording.framework/Versions/A/DiscRecording
0x000000003dbfc000 	/usr/lib/libcurl.4.dylib
0x000000003dbfc000 	/System/Library/PrivateFrameworks/MediaKit.framework/Versions/A/MediaKit
0x000000003dbfc000 	/System/Library/PrivateFrameworks/ProtectedCloudStorage.framework/Versions/A/ProtectedCloudStorage
0x000000003dbfc000 	/System/Library/PrivateFrameworks/EFILogin.framework/Versions/A/EFILogin
0x000000003dbfc000 	/usr/lib/libutil.dylib
0x000000003dbfc000 	/System/Library/Frameworks/LDAP.framework/Versions/A/LDAP
0x000000003dbfc000 	/usr/lib/libsasl2.2.dylib
0x000000003dbfc000 	/System/Library/PrivateFrameworks/CoreDaemon.framework/Versions/B/CoreDaemon
0x000000003dbfc000 	/System/Library/PrivateFrameworks/AppleSRP.framework/Versions/A/AppleSRP
0x000000003dbfc000 	/System/Library/PrivateFrameworks/APFS.framework/Versions/A/APFS
0x000000011dfa1000 	/Library/Java/JavaVirtualMachines/jdk1.8.0_144.jdk/Contents/Home/jre/lib/libfontmanager.dylib
0x000000003dbfc000 	/System/Library/Frameworks/OpenGL.framework/Versions/A/Resources/GLEngine.bundle/GLEngine
0x000000003dbfc000 	/System/Library/Frameworks/OpenGL.framework/Versions/A/Libraries/libGLProgrammability.dylib
0x00000001205fc000 	/System/Library/Extensions/AppleIntelHD4000GraphicsGLDriver.bundle/Contents/MacOS/AppleIntelHD4000GraphicsGLDriver
0x000000003dbfc000 	/System/Library/PrivateFrameworks/GPUSupport.framework/Versions/A/Libraries/libGPUSupportMercury.dylib
0x000000003dbfc000 	/System/Library/Extensions/GeForceGLDriver.bundle/Contents/MacOS/GeForceGLDriver
0x000000003dbfc000 	/System/Library/Extensions/GeForceGLDriver.bundle/Contents/MacOS/libclh.dylib
0x000000003dbfc000 	/System/Library/Frameworks/OpenGL.framework/Versions/A/Resources/GLRendererFloat.bundle/GLRendererFloat
0x000000003dbfc000 	/System/Library/Frameworks/OpenCL.framework/Versions/A/Libraries/libcldcpuengine.dylib
0x000000003dbfc000 	/usr/lib/libcrypto.0.9.8.dylib
0x000000003dbfc000 	/System/Library/PrivateFrameworks/TrustEvaluationAgent.framework/Versions/A/TrustEvaluationAgent
0x0000000121df1000 	/Library/Java/JavaVirtualMachines/jdk1.8.0_144.jdk/Contents/Home/jre/lib/libnio.dylib
0x0000000122001000 	/private/var/folders/s5/rc256kps77d156b1dddv2_4c0000gn/T/jna-3118/jna7404238504920003070.tmp
0x000000011df79000 	/Library/Java/JavaVirtualMachines/jdk1.8.0_144.jdk/Contents/Home/jre/lib/libjsound.dylib
0x0000000122053000 	/System/Library/Frameworks/CoreMIDI.framework/Versions/A/CoreMIDI
0x00000001220b9000 	/usr/lib/libexpat.1.dylib
0x000000011df8c000 	/System/Library/Extensions/AppleHDA.kext/Contents/PlugIns/AppleHDAHALPlugIn.bundle/Contents/MacOS/AppleHDAHALPlugIn
0x00000001220dc000 	/Library/Java/JavaVirtualMachines/jdk1.8.0_144.jdk/Contents/Home/jre/lib/libmanagement.dylib
0x000000012323a000 	/Users/ao/repos/post-tonal-overtone/target/native/macosx/x86_64/libscsynth.dylib
0x000000012344e000 	/Users/ao/repos/post-tonal-overtone/target/native/macosx/x86_64/AmbisonicUGens.scx
0x0000000123454000 	/Users/ao/repos/post-tonal-overtone/target/native/macosx/x86_64/AtkUGens.scx
0x000000012346d000 	/Users/ao/repos/post-tonal-overtone/target/native/macosx/x86_64/AY_UGen.scx
0x0000000123474000 	/Users/ao/repos/post-tonal-overtone/target/native/macosx/x86_64/BatPVUgens.scx
0x000000012347c000 	/Users/ao/repos/post-tonal-overtone/target/native/macosx/x86_64/BatUGens.scx
0x0000000123481000 	/Users/ao/repos/post-tonal-overtone/target/native/macosx/x86_64/BBCut2UGens.scx
0x0000000123489000 	/Users/ao/repos/post-tonal-overtone/target/native/macosx/x86_64/BerlachUGens.scx
0x000000012349a000 	/Users/ao/repos/post-tonal-overtone/target/native/macosx/x86_64/BetablockerUGens.scx
0x00000001234a2000 	/Users/ao/repos/post-tonal-overtone/target/native/macosx/x86_64/BhobChaos.scx
0x00000001234ad000 	/Users/ao/repos/post-tonal-overtone/target/native/macosx/x86_64/BhobFFT.scx
0x00000001234c0000 	/Users/ao/repos/post-tonal-overtone/target/native/macosx/x86_64/BhobFilt.scx
0x00000001234d2000 	/Users/ao/repos/post-tonal-overtone/target/native/macosx/x86_64/BhobGrain.scx
0x00000001234d9000 	/Users/ao/repos/post-tonal-overtone/target/native/macosx/x86_64/BhobNoise.scx
0x00000001234e2000 	/Users/ao/repos/post-tonal-overtone/target/native/macosx/x86_64/BinaryOpUGens.scx
0x000000012350b000 	/Users/ao/repos/post-tonal-overtone/target/native/macosx/x86_64/BlackrainUGens.scx
0x0000000123510000 	/Users/ao/repos/post-tonal-overtone/target/native/macosx/x86_64/ChaosUGens.scx
0x0000000123519000 	/Users/ao/repos/post-tonal-overtone/target/native/macosx/x86_64/Concat.scx
0x0000000123520000 	/Users/ao/repos/post-tonal-overtone/target/native/macosx/x86_64/DelayUGens.scx
0x000000012354b000 	/Users/ao/repos/post-tonal-overtone/target/native/macosx/x86_64/DemandUGens.scx
0x0000000123556000 	/Users/ao/repos/post-tonal-overtone/target/native/macosx/x86_64/DiskIO_UGens.scx
0x00000001235cc000 	/Users/ao/repos/post-tonal-overtone/target/native/macosx/x86_64/DistortionUGens.scx
0x00000001235d0000 	/Users/ao/repos/post-tonal-overtone/target/native/macosx/x86_64/DynNoiseUGens.scx
0x00000001235d5000 	/Users/ao/repos/post-tonal-overtone/target/native/macosx/x86_64/FFT_UGens.scx
0x00000001235f5000 	/Users/ao/repos/post-tonal-overtone/target/native/macosx/x86_64/FilterUGens.scx
0x0000000123611000 	/Users/ao/repos/post-tonal-overtone/target/native/macosx/x86_64/GendynUGens.scx
0x0000000123616000 	/Users/ao/repos/post-tonal-overtone/target/native/macosx/x86_64/GlitchUGens.scx
0x000000012361b000 	/Users/ao/repos/post-tonal-overtone/target/native/macosx/x86_64/GrainUGens.scx
0x000000012362e000 	/Users/ao/repos/post-tonal-overtone/target/native/macosx/x86_64/IOUGens.scx
0x0000000123636000 	/Users/ao/repos/post-tonal-overtone/target/native/macosx/x86_64/JoshAmbiUGens.scx
0x0000000123643000 	/Users/ao/repos/post-tonal-overtone/target/native/macosx/x86_64/JoshGrainUGens.scx
0x000000012366e000 	/Users/ao/repos/post-tonal-overtone/target/native/macosx/x86_64/JoshPVUGens.scx
0x000000012368b000 	/Users/ao/repos/post-tonal-overtone/target/native/macosx/x86_64/JoshUGens.scx
0x00000001236a5000 	/Users/ao/repos/post-tonal-overtone/target/native/macosx/x86_64/KeyboardUGens.scx
0x00000001236aa000 	/Users/ao/repos/post-tonal-overtone/target/native/macosx/x86_64/LadspaUGen.scx
0x00000001236ae000 	/Users/ao/repos/post-tonal-overtone/target/native/macosx/x86_64/LFUGens.scx
0x00000001236c1000 	/Users/ao/repos/post-tonal-overtone/target/native/macosx/x86_64/LoopBuf.scx
0x00000001236c6000 	/Users/ao/repos/post-tonal-overtone/target/native/macosx/x86_64/MCLDBufferUGens.scx
0x00000001236cb000 	/Users/ao/repos/post-tonal-overtone/target/native/macosx/x86_64/MCLDCepstrumUGens.scx
0x00000001236db000 	/Users/ao/repos/post-tonal-overtone/target/native/macosx/x86_64/MCLDChaosUGens.scx
0x00000001236e1000 	/Users/ao/repos/post-tonal-overtone/target/native/macosx/x86_64/MCLDDistortionUGens.scx
0x00000001236e5000 	/Users/ao/repos/post-tonal-overtone/target/native/macosx/x86_64/MCLDFFTUGens.scx
0x00000001236fa000 	/Users/ao/repos/post-tonal-overtone/target/native/macosx/x86_64/MCLDFilterUGens.scx
0x00000001236fe000 	/Users/ao/repos/post-tonal-overtone/target/native/macosx/x86_64/MCLDGetenvUGen.scx
0x0000000123702000 	/Users/ao/repos/post-tonal-overtone/target/native/macosx/x86_64/MCLDOscUGens.scx
0x0000000123706000 	/Users/ao/repos/post-tonal-overtone/target/native/macosx/x86_64/MCLDPollUGens.scx
0x000000012370a000 	/Users/ao/repos/post-tonal-overtone/target/native/macosx/x86_64/MCLDSOMUGens.scx
0x0000000123710000 	/Users/ao/repos/post-tonal-overtone/target/native/macosx/x86_64/MCLDTreeUGens.scx
0x0000000123715000 	/Users/ao/repos/post-tonal-overtone/target/native/macosx/x86_64/MCLDTriggeredStatsUgens.scx
0x0000000123719000 	/Users/ao/repos/post-tonal-overtone/target/native/macosx/x86_64/MdaUGens.scx
0x000000012383b000 	/Users/ao/repos/post-tonal-overtone/target/native/macosx/x86_64/MembraneUGens.scx
0x0000000123840000 	/Users/ao/repos/post-tonal-overtone/target/native/macosx/x86_64/ML_UGens.scx
0x0000000123873000 	/Users/ao/repos/post-tonal-overtone/target/native/macosx/x86_64/MouseUGens.scx
0x0000000123879000 	/Users/ao/repos/post-tonal-overtone/target/native/macosx/x86_64/MulAddUGens.scx
0x0000000123880000 	/Users/ao/repos/post-tonal-overtone/target/native/macosx/x86_64/NCAnalysisUGens.scx
0x000000012389f000 	/Users/ao/repos/post-tonal-overtone/target/native/macosx/x86_64/NoiseUGens.scx
0x00000001238a6000 	/Users/ao/repos/post-tonal-overtone/target/native/macosx/x86_64/OscUGens.scx
0x00000001238b6000 	/Users/ao/repos/post-tonal-overtone/target/native/macosx/x86_64/PanUGens.scx
0x00000001238bf000 	/Users/ao/repos/post-tonal-overtone/target/native/macosx/x86_64/PhysicalModelingUGens.scx
0x00000001238c3000 	/Users/ao/repos/post-tonal-overtone/target/native/macosx/x86_64/PitchDetection.scx
0x00000001238ca000 	/Users/ao/repos/post-tonal-overtone/target/native/macosx/x86_64/PV_ThirdParty.scx
0x00000001238de000 	/Users/ao/repos/post-tonal-overtone/target/native/macosx/x86_64/ReverbUGens.scx
0x00000001238e6000 	/Users/ao/repos/post-tonal-overtone/target/native/macosx/x86_64/RFWUGens.scx
0x00000001238ea000 	/Users/ao/repos/post-tonal-overtone/target/native/macosx/x86_64/RMEQSuite.scx
0x00000001238f2000 	/Users/ao/repos/post-tonal-overtone/target/native/macosx/x86_64/SLUGens.scx
0x0000000123901000 	/Users/ao/repos/post-tonal-overtone/target/native/macosx/x86_64/StkUGens.scx
0x00000001239ae000 	/Users/ao/repos/post-tonal-overtone/target/native/macosx/x86_64/SummerUGens.scx
0x00000001239b3000 	/Users/ao/repos/post-tonal-overtone/target/native/macosx/x86_64/TagSystemUgens.scx
0x00000001239b9000 	/Users/ao/repos/post-tonal-overtone/target/native/macosx/x86_64/TestUGens.scx
0x00000001239bd000 	/Users/ao/repos/post-tonal-overtone/target/native/macosx/x86_64/TJUGens.scx
0x00000001239c7000 	/Users/ao/repos/post-tonal-overtone/target/native/macosx/x86_64/TriggerUGens.scx
0x00000001239d3000 	/Users/ao/repos/post-tonal-overtone/target/native/macosx/x86_64/UnaryOpUGens.scx
0x00000001239e9000 	/Users/ao/repos/post-tonal-overtone/target/native/macosx/x86_64/UnpackFFTUGens.scx
0x00000001239f5000 	/Users/ao/repos/post-tonal-overtone/target/native/macosx/x86_64/VBAP.scx
0x00000001239fb000 	/Users/ao/repos/post-tonal-overtone/target/native/macosx/x86_64/VOSIM.scx

VM Arguments:
jvm_args: -Dfile.encoding=UTF-8 -XX:+TieredCompilation -XX:TieredStopAtLevel=1 -XX:-OmitStackTraceInFastThrow -Dclojure.compile.path=/Users/ao/repos/post-tonal-overtone/target/classes -Dpost_tonal_overtone.version=1.0 -Dclojure.debug=false -Djava.library.path=/Users/ao/repos/post-tonal-overtone/target/native/macosx/x86_64 
java_command: clojure.main -i /private/var/folders/s5/rc256kps77d156b1dddv2_4c0000gn/T/form-init6365930581930171952.clj
java_class_path (initial): /Users/ao/repos/post-tonal-overtone/test:/Users/ao/repos/post-tonal-overtone/src:/Users/ao/repos/post-tonal-overtone/dev-resources:/Users/ao/repos/post-tonal-overtone/resources:/Users/ao/repos/post-tonal-overtone/target/classes:/Users/ao/.m2/repository/org/apache/xmlgraphics/batik-util/1.8/batik-util-1.8.jar:/Users/ao/.m2/repository/quil/processing-js/1.6.4.0/processing-js-1.6.4.0.jar:/Users/ao/.m2/repository/org/apache/xmlgraphics/batik-svggen/1.8/batik-svggen-1.8.jar:/Users/ao/.m2/repository/quil/quil/2.6.0/quil-2.6.0.jar:/Users/ao/.m2/repository/com/lowagie/itext/2.1.7/itext-2.1.7.jar:/Users/ao/.m2/repository/overtone/scsynth-extras/3.5.7.0/scsynth-extras-3.5.7.0.jar:/Users/ao/.m2/repository/org/clojure/core.specs.alpha/0.1.24/core.specs.alpha-0.1.24.jar:/Users/ao/.m2/repository/org/apache/xmlgraphics/batik-css/1.8/batik-css-1.8.jar:/Users/ao/.m2/repository/org/clojure/clojure/1.9.0-alpha20/clojure-1.9.0-alpha20.jar:/Users/ao/.m2/repository/cider/cider-nrepl/0.16.0-SNAPSHOT/cider-nrepl-0.16.0-SNAPSHOT.jar:/Users/ao/.m2/repository/org/bouncycastle/bcmail-jdk14/1.38/bcmail-jdk14-1.38.jar:/Users/ao/.m2/repository/quil/processing-dxf/3.2.4/processing-dxf-3.2.4.jar:/Users/ao/.m2/repository/overtone/at-at/1.2.0/at-at-1.2.0.jar:/Users/ao/.m2/repository/org/clojure/tools.nrepl/0.2.12/tools.nrepl-0.2.12.jar:/Users/ao/.m2/repository/xml-apis/xml-apis/1.3.04/xml-apis-1.3.04.jar:/Users/ao/.m2/repository/clojure-complete/clojure-complete/0.2.4/clojure-complete-0.2.4.jar:/Users/ao/.m2/repository/xalan/xalan/2.7.0/xalan-2.7.0.jar:/Users/ao/.m2/repository/overtone/byte-spec/0.3.1/byte-spec-0.3.1.jar:/Users/ao/.m2/repository/bouncycastle/bcprov-jdk14/138/bcprov-jdk14-138.jar:/Users/ao/.m2/repository/overtone/osc-clj/0.9.0/osc-clj-0.9.0.jar:/Users/ao/.m2/repository/quil/processing-svg/3.2.4/processing-svg-3.2.4.jar:/Users/ao/.m2/repository/org/bouncycastle/bctsp-jdk14/1.38/bctsp-jdk14-1.38.jar:/Users/ao/.m2/repository/bouncycastle/bcmail-jdk14/138/bcma
Launcher Type: SUN_STANDARD

Environment Variables:
PATH=/usr/local/bin:/usr/local/sbin:/usr/local/opt/python/libexec/bin:/usr/local/opt/coreutils/libexec/gnubin:/usr/local/bin:/usr/local/opt/texinfo/bin:/usr/local/opt/gettext/bin:/Users/ao/Library/Haskell/bin:~/.cabal//bin:/usr/bin:/bin:/usr/sbin:/sbin:/usr/local/bin:/opt/X11/bin:/Library/TeX/texbin
SHELL=/bin/bash
DISPLAY=/private/tmp/com.apple.launchd.GAN4zQ9apW/org.macosforge.xquartz:0

Signal Handlers:
SIGSEGV: [libjvm.dylib+0x5b26e5], sa_mask[0]=11111111011111110111111111111111, sa_flags=SA_ONSTACK|SA_RESTART|SA_SIGINFO
SIGBUS: [libjvm.dylib+0x5b26e5], sa_mask[0]=11111111011111110111111111111111, sa_flags=SA_RESTART|SA_SIGINFO
SIGFPE: [libjvm.dylib+0x489100], sa_mask[0]=11111111011111110111111111111111, sa_flags=SA_RESTART|SA_SIGINFO
SIGPIPE: [libjvm.dylib+0x489100], sa_mask[0]=11111111011111110111111111111111, sa_flags=SA_RESTART|SA_SIGINFO
SIGXFSZ: [libjvm.dylib+0x489100], sa_mask[0]=11111111011111110111111111111111, sa_flags=SA_RESTART|SA_SIGINFO
SIGILL: [libjvm.dylib+0x489100], sa_mask[0]=11111111011111110111111111111111, sa_flags=SA_RESTART|SA_SIGINFO
SIGUSR1: SIG_DFL, sa_mask[0]=11011111011111100000000111000110, sa_flags=none
SIGUSR2: [libjvm.dylib+0x488c1e], sa_mask[0]=00100000000000000000000000000000, sa_flags=SA_RESTART|SA_SIGINFO
SIGHUP: [libjvm.dylib+0x4871f5], sa_mask[0]=11111111011111110111111111111111, sa_flags=SA_RESTART|SA_SIGINFO
SIGINT: [libjvm.dylib+0x4871f5], sa_mask[0]=11111111011111110111111111111111, sa_flags=SA_RESTART|SA_SIGINFO
SIGTERM: [libjvm.dylib+0x4871f5], sa_mask[0]=11111111011111110111111111111111, sa_flags=SA_RESTART|SA_SIGINFO
SIGQUIT: [libjvm.dylib+0x4871f5], sa_mask[0]=11111111011111110111111111111111, sa_flags=SA_RESTART|SA_SIGINFO


---------------  S Y S T E M  ---------------

OS:Bsduname:Darwin 16.7.0 Darwin Kernel Version 16.7.0: Thu Jun 15 17:36:27 PDT 2017; root:xnu-3789.70.16~2/RELEASE_X86_64 x86_64
rlimit: STACK 9788k, CORE 0k, NPROC 709, NOFILE 10240, AS infinity
load average:4.82 4.90 4.97

CPU:total 8 (initial active 8) (4 cores per cpu, 2 threads per core) family 6 model 58 stepping 9, cmov, cx8, fxsr, mmx, sse, sse2, sse3, ssse3, sse4.1, sse4.2, popcnt, avx, aes, clmul, erms, ht, tsc, tscinvbit, tscinv

Memory: 4k page, physical 8388608k(18560k free)

/proc/meminfo:


vm_info: Java HotSpot(TM) 64-Bit Server VM (25.144-b01) for bsd-amd64 JRE (1.8.0_144-b01), built on Jul 21 2017 22:07:42 by "java_re" with gcc 4.2.1 (Based on Apple Inc. build 5658) (LLVM build 2336.11.00)

time: Thu Nov  9 11:32:51 2017
elapsed time: 118 seconds (0d 0h 1m 58s)

